{"/home/usuario/ull-esit-inf-dsi-20-21-prct06-generics-solid-alu0101254678/src/ejercicio-1/marvel.ts":{"path":"/home/usuario/ull-esit-inf-dsi-20-21-prct06-generics-solid-alu0101254678/src/ejercicio-1/marvel.ts","statementMap":{"0":{"start":{"line":2,"column":0},"end":{"line":2,"column":62}},"1":{"start":{"line":3,"column":0},"end":{"line":3,"column":24}},"2":{"start":{"line":4,"column":18},"end":{"line":4,"column":38}},"3":{"start":{"line":10,"column":8},"end":{"line":10,"column":76}},"4":{"start":{"line":17,"column":8},"end":{"line":17,"column":33}},"5":{"start":{"line":20,"column":0},"end":{"line":20,"column":24}}},"fnMap":{"0":{"name":"(anonymous_0)","decl":{"start":{"line":9,"column":4},"end":{"line":9,"column":5}},"loc":{"start":{"line":9,"column":78},"end":{"line":11,"column":5}},"line":9},"1":{"name":"(anonymous_1)","decl":{"start":{"line":16,"column":4},"end":{"line":16,"column":5}},"loc":{"start":{"line":16,"column":16},"end":{"line":18,"column":5}},"line":16}},"branchMap":{},"s":{"0":1,"1":1,"2":1,"3":5,"4":2,"5":1},"f":{"0":5,"1":2},"b":{},"inputSourceMap":{"version":3,"file":"/home/usuario/ull-esit-inf-dsi-20-21-prct06-generics-solid-alu0101254678/src/ejercicio-1/marvel.ts","sources":["/home/usuario/ull-esit-inf-dsi-20-21-prct06-generics-solid-alu0101254678/src/ejercicio-1/marvel.ts"],"names":[],"mappings":";;;AAAA,uCAAkC;AAElC;;GAEG;AACH,MAAa,MAAO,SAAQ,iBAAO;IACjC,YAAY,MAAc,EAAE,IAAY,EAAE,MAAc,EAAE,IAAY,EAAE,MAAc,EAAE,OAAe,EAAE,SAAiB,EAAE,IAAY;QACtI,KAAK,CAAC,MAAM,EAAE,IAAI,EAAE,MAAM,EAAE,IAAI,EAAE,MAAM,EAAE,OAAO,EAAE,SAAS,EAAE,IAAI,CAAC,CAAC;IACtE,CAAC;IAED;;;OAGG;IACH,SAAS;QACP,OAAO,iBAAiB,CAAC;IAC3B,CAAC;CACF;AAZD,wBAYC","sourcesContent":["import {Fighter} from './fighter';\n\n/**\n * Clase que representa a un luchador del universo Marvel, hereda los atributos de la clase genérica Fighter\n */\nexport class Marvel extends Fighter {\n  constructor(nombre: string, peso: number, altura: number, tipo: string, ataque: number, defensa: number, velocidad: number, vida: number) {\n    super(nombre, peso, altura, tipo, ataque, defensa, velocidad, vida);\n  }\n\n  /**\n   * Método que obtiene una frase característica\n   * @returns un string de caracteres\n   */\n  get_frase(): string {\n    return 'Les vengaremos!';\n  }\n}\n"]},"_coverageSchema":"1a1c01bbd47fc00a2c39e90264f33305004495a9","hash":"b2d1b61603cdbdb31ad0aaf8dfc047da417a58a0","contentHash":"978c1df1cf7f90609cc3c43a3ce5218926920d9476ea62cfacd5d0ea01c0c3a4"},"/home/usuario/ull-esit-inf-dsi-20-21-prct06-generics-solid-alu0101254678/src/ejercicio-1/fighter.ts":{"path":"/home/usuario/ull-esit-inf-dsi-20-21-prct06-generics-solid-alu0101254678/src/ejercicio-1/fighter.ts","statementMap":{"0":{"start":{"line":2,"column":0},"end":{"line":2,"column":62}},"1":{"start":{"line":3,"column":0},"end":{"line":3,"column":25}},"2":{"start":{"line":21,"column":8},"end":{"line":21,"column":29}},"3":{"start":{"line":22,"column":8},"end":{"line":22,"column":25}},"4":{"start":{"line":23,"column":8},"end":{"line":23,"column":29}},"5":{"start":{"line":24,"column":8},"end":{"line":24,"column":25}},"6":{"start":{"line":25,"column":8},"end":{"line":25,"column":29}},"7":{"start":{"line":26,"column":8},"end":{"line":26,"column":31}},"8":{"start":{"line":27,"column":8},"end":{"line":27,"column":35}},"9":{"start":{"line":28,"column":8},"end":{"line":28,"column":25}},"10":{"start":{"line":31,"column":0},"end":{"line":31,"column":26}}},"fnMap":{"0":{"name":"(anonymous_0)","decl":{"start":{"line":20,"column":4},"end":{"line":20,"column":5}},"loc":{"start":{"line":20,"column":78},"end":{"line":29,"column":5}},"line":20}},"branchMap":{},"s":{"0":1,"1":1,"2":19,"3":19,"4":19,"5":19,"6":19,"7":19,"8":19,"9":19,"10":1},"f":{"0":19},"b":{},"inputSourceMap":{"version":3,"file":"/home/usuario/ull-esit-inf-dsi-20-21-prct06-generics-solid-alu0101254678/src/ejercicio-1/fighter.ts","sources":["/home/usuario/ull-esit-inf-dsi-20-21-prct06-generics-solid-alu0101254678/src/ejercicio-1/fighter.ts"],"names":[],"mappings":";;;AAAA;;;GAGG;AACH,MAAsB,OAAO;IAa3B;;;;;;;;;;OAUG;IACH,YAAY,MAAc,EAAE,IAAY,EAAE,MAAc,EAAE,IAAY,EAAE,MAAc,EAAE,OAAe,EAAE,SAAiB,EAAE,IAAY;QACtI,IAAI,CAAC,MAAM,GAAG,MAAM,CAAC;QACrB,IAAI,CAAC,IAAI,GAAG,IAAI,CAAC;QACjB,IAAI,CAAC,MAAM,GAAG,MAAM,CAAC;QACrB,IAAI,CAAC,IAAI,GAAG,IAAI,CAAC;QACjB,IAAI,CAAC,MAAM,GAAG,MAAM,CAAC;QACrB,IAAI,CAAC,OAAO,GAAG,OAAO,CAAC;QACvB,IAAI,CAAC,SAAS,GAAG,SAAS,CAAC;QAC3B,IAAI,CAAC,IAAI,GAAG,IAAI,CAAC;IACnB,CAAC;CAQF;AAzCD,0BAyCC","sourcesContent":["/**\n * Clase abstracta Fighter, representa a un luchador, que tiene las siguientes características,\n * esta es la clase padre, de las clases DC, Dragon_Ball, Marvel, Pokemon y Star Wars\n */\nexport abstract class Fighter {\n  /**\n   * Estos son los atributos necesarios\n   */\n  nombre: string;\n  peso: number;\n  altura: number;\n  tipo: string;\n  ataque: number;\n  defensa: number;\n  velocidad: number;\n  vida: number;\n\n  /**\n   * El constructor inicializa los atributos internamente\n   * @param nombre un string\n   * @param peso un número\n   * @param altura un número\n   * @param tipo un string, hay varios tipos\n   * @param ataque un número\n   * @param defensa un número\n   * @param velocidad un número\n   * @param vida un número\n   */\n  constructor(nombre: string, peso: number, altura: number, tipo: string, ataque: number, defensa: number, velocidad: number, vida: number) {\n    this.nombre = nombre;\n    this.peso = peso;\n    this.altura = altura;\n    this.tipo = tipo;\n    this.ataque = ataque;\n    this.defensa = defensa;\n    this.velocidad = velocidad;\n    this.vida = vida;\n  }\n\n  /**\n   * Método abstracto implementado por cada clase extendida,\n   * devuelve una frase característica según el universo\n   * que se considere\n   */\n  abstract get_frase(): string;\n}\n"]},"_coverageSchema":"1a1c01bbd47fc00a2c39e90264f33305004495a9","hash":"6bedce08be9d568a7752e19d539e6548960c1f50","contentHash":"24ba1f7d2bfa2d868f310dd40dc9933b8271794e5fb33ed62da84b3be475d256"},"/home/usuario/ull-esit-inf-dsi-20-21-prct06-generics-solid-alu0101254678/src/ejercicio-1/pokemon.ts":{"path":"/home/usuario/ull-esit-inf-dsi-20-21-prct06-generics-solid-alu0101254678/src/ejercicio-1/pokemon.ts","statementMap":{"0":{"start":{"line":2,"column":0},"end":{"line":2,"column":62}},"1":{"start":{"line":3,"column":0},"end":{"line":3,"column":25}},"2":{"start":{"line":4,"column":18},"end":{"line":4,"column":38}},"3":{"start":{"line":10,"column":8},"end":{"line":10,"column":76}},"4":{"start":{"line":17,"column":8},"end":{"line":17,"column":32}},"5":{"start":{"line":20,"column":0},"end":{"line":20,"column":26}}},"fnMap":{"0":{"name":"(anonymous_0)","decl":{"start":{"line":9,"column":4},"end":{"line":9,"column":5}},"loc":{"start":{"line":9,"column":78},"end":{"line":11,"column":5}},"line":9},"1":{"name":"(anonymous_1)","decl":{"start":{"line":16,"column":4},"end":{"line":16,"column":5}},"loc":{"start":{"line":16,"column":16},"end":{"line":18,"column":5}},"line":16}},"branchMap":{},"s":{"0":1,"1":1,"2":1,"3":8,"4":2,"5":1},"f":{"0":8,"1":2},"b":{},"inputSourceMap":{"version":3,"file":"/home/usuario/ull-esit-inf-dsi-20-21-prct06-generics-solid-alu0101254678/src/ejercicio-1/pokemon.ts","sources":["/home/usuario/ull-esit-inf-dsi-20-21-prct06-generics-solid-alu0101254678/src/ejercicio-1/pokemon.ts"],"names":[],"mappings":";;;AAAA,uCAAkC;AAElC;;GAEG;AACH,MAAa,OAAQ,SAAQ,iBAAO;IAClC,YAAY,MAAc,EAAE,IAAY,EAAE,MAAc,EAAE,IAAY,EAAE,MAAc,EAAE,OAAe,EAAE,SAAiB,EAAE,IAAY;QACtI,KAAK,CAAC,MAAM,EAAE,IAAI,EAAE,MAAM,EAAE,IAAI,EAAE,MAAM,EAAE,OAAO,EAAE,SAAS,EAAE,IAAI,CAAC,CAAC;IACtE,CAAC;IAED;;;OAGG;IACH,SAAS;QACP,OAAO,gBAAgB,CAAC;IAC1B,CAAC;CACF;AAZD,0BAYC","sourcesContent":["import {Fighter} from './fighter';\n\n/**\n * Clase que representa a un luchador del universo Pokémon, hereda los atributos de la clase genérica Fighter\n */\nexport class Pokemon extends Fighter {\n  constructor(nombre: string, peso: number, altura: number, tipo: string, ataque: number, defensa: number, velocidad: number, vida: number) {\n    super(nombre, peso, altura, tipo, ataque, defensa, velocidad, vida);\n  }\n\n  /**\n   * Método que obtiene una frase característica\n   * @returns un srting de caracteres\n   */\n  get_frase(): string {\n    return 'Te elijo a ti!';\n  }\n}\n"]},"_coverageSchema":"1a1c01bbd47fc00a2c39e90264f33305004495a9","hash":"96d8ea2c1957a1d374a5ce2cf21d8f11462d7c8b","contentHash":"add6068522794e66e7f94635f151d52ab2aeccbe6e365dd9bd7cec42c72a18f6"},"/home/usuario/ull-esit-inf-dsi-20-21-prct06-generics-solid-alu0101254678/src/ejercicio-1/combat.ts":{"path":"/home/usuario/ull-esit-inf-dsi-20-21-prct06-generics-solid-alu0101254678/src/ejercicio-1/combat.ts","statementMap":{"0":{"start":{"line":2,"column":0},"end":{"line":2,"column":62}},"1":{"start":{"line":3,"column":0},"end":{"line":3,"column":24}},"2":{"start":{"line":4,"column":17},"end":{"line":4,"column":36}},"3":{"start":{"line":5,"column":18},"end":{"line":5,"column":38}},"4":{"start":{"line":13,"column":8},"end":{"line":13,"column":43}},"5":{"start":{"line":14,"column":8},"end":{"line":14,"column":43}},"6":{"start":{"line":23,"column":31},"end":{"line":23,"column":96}},"7":{"start":{"line":24,"column":23},"end":{"line":24,"column":84}},"8":{"start":{"line":25,"column":30},"end":{"line":25,"column":97}},"9":{"start":{"line":26,"column":8},"end":{"line":39,"column":9}},"10":{"start":{"line":27,"column":12},"end":{"line":29,"column":13}},"11":{"start":{"line":28,"column":16},"end":{"line":28,"column":37}},"12":{"start":{"line":30,"column":12},"end":{"line":32,"column":13}},"13":{"start":{"line":31,"column":16},"end":{"line":31,"column":38}},"14":{"start":{"line":33,"column":12},"end":{"line":35,"column":13}},"15":{"start":{"line":34,"column":16},"end":{"line":34,"column":37}},"16":{"start":{"line":36,"column":12},"end":{"line":38,"column":13}},"17":{"start":{"line":37,"column":16},"end":{"line":37,"column":30}},"18":{"start":{"line":40,"column":8},"end":{"line":53,"column":9}},"19":{"start":{"line":41,"column":12},"end":{"line":43,"column":13}},"20":{"start":{"line":42,"column":16},"end":{"line":42,"column":37}},"21":{"start":{"line":44,"column":12},"end":{"line":46,"column":13}},"22":{"start":{"line":45,"column":16},"end":{"line":45,"column":38}},"23":{"start":{"line":47,"column":12},"end":{"line":49,"column":13}},"24":{"start":{"line":48,"column":16},"end":{"line":48,"column":37}},"25":{"start":{"line":50,"column":12},"end":{"line":52,"column":13}},"26":{"start":{"line":51,"column":16},"end":{"line":51,"column":30}},"27":{"start":{"line":54,"column":8},"end":{"line":67,"column":9}},"28":{"start":{"line":55,"column":12},"end":{"line":57,"column":13}},"29":{"start":{"line":56,"column":16},"end":{"line":56,"column":37}},"30":{"start":{"line":58,"column":12},"end":{"line":60,"column":13}},"31":{"start":{"line":59,"column":16},"end":{"line":59,"column":37}},"32":{"start":{"line":61,"column":12},"end":{"line":63,"column":13}},"33":{"start":{"line":62,"column":16},"end":{"line":62,"column":38}},"34":{"start":{"line":64,"column":12},"end":{"line":66,"column":13}},"35":{"start":{"line":65,"column":16},"end":{"line":65,"column":30}},"36":{"start":{"line":68,"column":8},"end":{"line":81,"column":9}},"37":{"start":{"line":69,"column":12},"end":{"line":71,"column":13}},"38":{"start":{"line":70,"column":16},"end":{"line":70,"column":37}},"39":{"start":{"line":72,"column":12},"end":{"line":74,"column":13}},"40":{"start":{"line":73,"column":16},"end":{"line":73,"column":30}},"41":{"start":{"line":75,"column":12},"end":{"line":77,"column":13}},"42":{"start":{"line":76,"column":16},"end":{"line":76,"column":38}},"43":{"start":{"line":78,"column":12},"end":{"line":80,"column":13}},"44":{"start":{"line":79,"column":16},"end":{"line":79,"column":30}},"45":{"start":{"line":82,"column":8},"end":{"line":82,"column":17}},"46":{"start":{"line":91,"column":31},"end":{"line":91,"column":96}},"47":{"start":{"line":92,"column":23},"end":{"line":92,"column":84}},"48":{"start":{"line":93,"column":30},"end":{"line":93,"column":97}},"49":{"start":{"line":94,"column":8},"end":{"line":107,"column":9}},"50":{"start":{"line":95,"column":12},"end":{"line":97,"column":13}},"51":{"start":{"line":96,"column":16},"end":{"line":96,"column":37}},"52":{"start":{"line":98,"column":12},"end":{"line":100,"column":13}},"53":{"start":{"line":99,"column":16},"end":{"line":99,"column":38}},"54":{"start":{"line":101,"column":12},"end":{"line":103,"column":13}},"55":{"start":{"line":102,"column":16},"end":{"line":102,"column":37}},"56":{"start":{"line":104,"column":12},"end":{"line":106,"column":13}},"57":{"start":{"line":105,"column":16},"end":{"line":105,"column":30}},"58":{"start":{"line":108,"column":8},"end":{"line":121,"column":9}},"59":{"start":{"line":109,"column":12},"end":{"line":111,"column":13}},"60":{"start":{"line":110,"column":16},"end":{"line":110,"column":37}},"61":{"start":{"line":112,"column":12},"end":{"line":114,"column":13}},"62":{"start":{"line":113,"column":16},"end":{"line":113,"column":38}},"63":{"start":{"line":115,"column":12},"end":{"line":117,"column":13}},"64":{"start":{"line":116,"column":16},"end":{"line":116,"column":37}},"65":{"start":{"line":118,"column":12},"end":{"line":120,"column":13}},"66":{"start":{"line":119,"column":16},"end":{"line":119,"column":30}},"67":{"start":{"line":122,"column":8},"end":{"line":135,"column":9}},"68":{"start":{"line":123,"column":12},"end":{"line":125,"column":13}},"69":{"start":{"line":124,"column":16},"end":{"line":124,"column":37}},"70":{"start":{"line":126,"column":12},"end":{"line":128,"column":13}},"71":{"start":{"line":127,"column":16},"end":{"line":127,"column":37}},"72":{"start":{"line":129,"column":12},"end":{"line":131,"column":13}},"73":{"start":{"line":130,"column":16},"end":{"line":130,"column":38}},"74":{"start":{"line":132,"column":12},"end":{"line":134,"column":13}},"75":{"start":{"line":133,"column":16},"end":{"line":133,"column":30}},"76":{"start":{"line":136,"column":8},"end":{"line":149,"column":9}},"77":{"start":{"line":137,"column":12},"end":{"line":139,"column":13}},"78":{"start":{"line":138,"column":16},"end":{"line":138,"column":37}},"79":{"start":{"line":140,"column":12},"end":{"line":142,"column":13}},"80":{"start":{"line":141,"column":16},"end":{"line":141,"column":30}},"81":{"start":{"line":143,"column":12},"end":{"line":145,"column":13}},"82":{"start":{"line":144,"column":16},"end":{"line":144,"column":38}},"83":{"start":{"line":146,"column":12},"end":{"line":148,"column":13}},"84":{"start":{"line":147,"column":16},"end":{"line":147,"column":30}},"85":{"start":{"line":150,"column":8},"end":{"line":150,"column":17}},"86":{"start":{"line":161,"column":8},"end":{"line":182,"column":77}},"87":{"start":{"line":162,"column":12},"end":{"line":162,"column":254}},"88":{"start":{"line":163,"column":12},"end":{"line":163,"column":254}},"89":{"start":{"line":164,"column":41},"end":{"line":164,"column":87}},"90":{"start":{"line":165,"column":12},"end":{"line":165,"column":90}},"91":{"start":{"line":166,"column":12},"end":{"line":166,"column":56}},"92":{"start":{"line":167,"column":41},"end":{"line":167,"column":87}},"93":{"start":{"line":168,"column":12},"end":{"line":168,"column":90}},"94":{"start":{"line":169,"column":12},"end":{"line":169,"column":56}},"95":{"start":{"line":170,"column":12},"end":{"line":170,"column":60}},"96":{"start":{"line":171,"column":12},"end":{"line":171,"column":77}},"97":{"start":{"line":172,"column":12},"end":{"line":172,"column":60}},"98":{"start":{"line":173,"column":12},"end":{"line":173,"column":77}},"99":{"start":{"line":174,"column":12},"end":{"line":177,"column":13}},"100":{"start":{"line":175,"column":16},"end":{"line":175,"column":71}},"101":{"start":{"line":176,"column":16},"end":{"line":176,"column":23}},"102":{"start":{"line":178,"column":12},"end":{"line":181,"column":13}},"103":{"start":{"line":179,"column":16},"end":{"line":179,"column":71}},"104":{"start":{"line":180,"column":16},"end":{"line":180,"column":23}},"105":{"start":{"line":185,"column":0},"end":{"line":185,"column":24}},"106":{"start":{"line":186,"column":16},"end":{"line":186,"column":80}},"107":{"start":{"line":187,"column":17},"end":{"line":187,"column":85}},"108":{"start":{"line":188,"column":18},"end":{"line":188,"column":47}},"109":{"start":{"line":189,"column":0},"end":{"line":189,"column":18}}},"fnMap":{"0":{"name":"(anonymous_0)","decl":{"start":{"line":12,"column":4},"end":{"line":12,"column":5}},"loc":{"start":{"line":12,"column":46},"end":{"line":15,"column":5}},"line":12},"1":{"name":"(anonymous_1)","decl":{"start":{"line":22,"column":4},"end":{"line":22,"column":5}},"loc":{"start":{"line":22,"column":46},"end":{"line":83,"column":5}},"line":22},"2":{"name":"(anonymous_2)","decl":{"start":{"line":90,"column":4},"end":{"line":90,"column":5}},"loc":{"start":{"line":90,"column":46},"end":{"line":151,"column":5}},"line":90},"3":{"name":"(anonymous_3)","decl":{"start":{"line":160,"column":4},"end":{"line":160,"column":5}},"loc":{"start":{"line":160,"column":12},"end":{"line":183,"column":5}},"line":160}},"branchMap":{"0":{"loc":{"start":{"line":26,"column":8},"end":{"line":39,"column":9}},"type":"if","locations":[{"start":{"line":26,"column":8},"end":{"line":39,"column":9}},{"start":{"line":26,"column":8},"end":{"line":39,"column":9}}],"line":26},"1":{"loc":{"start":{"line":27,"column":12},"end":{"line":29,"column":13}},"type":"if","locations":[{"start":{"line":27,"column":12},"end":{"line":29,"column":13}},{"start":{"line":27,"column":12},"end":{"line":29,"column":13}}],"line":27},"2":{"loc":{"start":{"line":30,"column":12},"end":{"line":32,"column":13}},"type":"if","locations":[{"start":{"line":30,"column":12},"end":{"line":32,"column":13}},{"start":{"line":30,"column":12},"end":{"line":32,"column":13}}],"line":30},"3":{"loc":{"start":{"line":33,"column":12},"end":{"line":35,"column":13}},"type":"if","locations":[{"start":{"line":33,"column":12},"end":{"line":35,"column":13}},{"start":{"line":33,"column":12},"end":{"line":35,"column":13}}],"line":33},"4":{"loc":{"start":{"line":36,"column":12},"end":{"line":38,"column":13}},"type":"if","locations":[{"start":{"line":36,"column":12},"end":{"line":38,"column":13}},{"start":{"line":36,"column":12},"end":{"line":38,"column":13}}],"line":36},"5":{"loc":{"start":{"line":40,"column":8},"end":{"line":53,"column":9}},"type":"if","locations":[{"start":{"line":40,"column":8},"end":{"line":53,"column":9}},{"start":{"line":40,"column":8},"end":{"line":53,"column":9}}],"line":40},"6":{"loc":{"start":{"line":41,"column":12},"end":{"line":43,"column":13}},"type":"if","locations":[{"start":{"line":41,"column":12},"end":{"line":43,"column":13}},{"start":{"line":41,"column":12},"end":{"line":43,"column":13}}],"line":41},"7":{"loc":{"start":{"line":44,"column":12},"end":{"line":46,"column":13}},"type":"if","locations":[{"start":{"line":44,"column":12},"end":{"line":46,"column":13}},{"start":{"line":44,"column":12},"end":{"line":46,"column":13}}],"line":44},"8":{"loc":{"start":{"line":47,"column":12},"end":{"line":49,"column":13}},"type":"if","locations":[{"start":{"line":47,"column":12},"end":{"line":49,"column":13}},{"start":{"line":47,"column":12},"end":{"line":49,"column":13}}],"line":47},"9":{"loc":{"start":{"line":50,"column":12},"end":{"line":52,"column":13}},"type":"if","locations":[{"start":{"line":50,"column":12},"end":{"line":52,"column":13}},{"start":{"line":50,"column":12},"end":{"line":52,"column":13}}],"line":50},"10":{"loc":{"start":{"line":54,"column":8},"end":{"line":67,"column":9}},"type":"if","locations":[{"start":{"line":54,"column":8},"end":{"line":67,"column":9}},{"start":{"line":54,"column":8},"end":{"line":67,"column":9}}],"line":54},"11":{"loc":{"start":{"line":55,"column":12},"end":{"line":57,"column":13}},"type":"if","locations":[{"start":{"line":55,"column":12},"end":{"line":57,"column":13}},{"start":{"line":55,"column":12},"end":{"line":57,"column":13}}],"line":55},"12":{"loc":{"start":{"line":58,"column":12},"end":{"line":60,"column":13}},"type":"if","locations":[{"start":{"line":58,"column":12},"end":{"line":60,"column":13}},{"start":{"line":58,"column":12},"end":{"line":60,"column":13}}],"line":58},"13":{"loc":{"start":{"line":61,"column":12},"end":{"line":63,"column":13}},"type":"if","locations":[{"start":{"line":61,"column":12},"end":{"line":63,"column":13}},{"start":{"line":61,"column":12},"end":{"line":63,"column":13}}],"line":61},"14":{"loc":{"start":{"line":64,"column":12},"end":{"line":66,"column":13}},"type":"if","locations":[{"start":{"line":64,"column":12},"end":{"line":66,"column":13}},{"start":{"line":64,"column":12},"end":{"line":66,"column":13}}],"line":64},"15":{"loc":{"start":{"line":68,"column":8},"end":{"line":81,"column":9}},"type":"if","locations":[{"start":{"line":68,"column":8},"end":{"line":81,"column":9}},{"start":{"line":68,"column":8},"end":{"line":81,"column":9}}],"line":68},"16":{"loc":{"start":{"line":69,"column":12},"end":{"line":71,"column":13}},"type":"if","locations":[{"start":{"line":69,"column":12},"end":{"line":71,"column":13}},{"start":{"line":69,"column":12},"end":{"line":71,"column":13}}],"line":69},"17":{"loc":{"start":{"line":72,"column":12},"end":{"line":74,"column":13}},"type":"if","locations":[{"start":{"line":72,"column":12},"end":{"line":74,"column":13}},{"start":{"line":72,"column":12},"end":{"line":74,"column":13}}],"line":72},"18":{"loc":{"start":{"line":75,"column":12},"end":{"line":77,"column":13}},"type":"if","locations":[{"start":{"line":75,"column":12},"end":{"line":77,"column":13}},{"start":{"line":75,"column":12},"end":{"line":77,"column":13}}],"line":75},"19":{"loc":{"start":{"line":78,"column":12},"end":{"line":80,"column":13}},"type":"if","locations":[{"start":{"line":78,"column":12},"end":{"line":80,"column":13}},{"start":{"line":78,"column":12},"end":{"line":80,"column":13}}],"line":78},"20":{"loc":{"start":{"line":94,"column":8},"end":{"line":107,"column":9}},"type":"if","locations":[{"start":{"line":94,"column":8},"end":{"line":107,"column":9}},{"start":{"line":94,"column":8},"end":{"line":107,"column":9}}],"line":94},"21":{"loc":{"start":{"line":95,"column":12},"end":{"line":97,"column":13}},"type":"if","locations":[{"start":{"line":95,"column":12},"end":{"line":97,"column":13}},{"start":{"line":95,"column":12},"end":{"line":97,"column":13}}],"line":95},"22":{"loc":{"start":{"line":98,"column":12},"end":{"line":100,"column":13}},"type":"if","locations":[{"start":{"line":98,"column":12},"end":{"line":100,"column":13}},{"start":{"line":98,"column":12},"end":{"line":100,"column":13}}],"line":98},"23":{"loc":{"start":{"line":101,"column":12},"end":{"line":103,"column":13}},"type":"if","locations":[{"start":{"line":101,"column":12},"end":{"line":103,"column":13}},{"start":{"line":101,"column":12},"end":{"line":103,"column":13}}],"line":101},"24":{"loc":{"start":{"line":104,"column":12},"end":{"line":106,"column":13}},"type":"if","locations":[{"start":{"line":104,"column":12},"end":{"line":106,"column":13}},{"start":{"line":104,"column":12},"end":{"line":106,"column":13}}],"line":104},"25":{"loc":{"start":{"line":108,"column":8},"end":{"line":121,"column":9}},"type":"if","locations":[{"start":{"line":108,"column":8},"end":{"line":121,"column":9}},{"start":{"line":108,"column":8},"end":{"line":121,"column":9}}],"line":108},"26":{"loc":{"start":{"line":109,"column":12},"end":{"line":111,"column":13}},"type":"if","locations":[{"start":{"line":109,"column":12},"end":{"line":111,"column":13}},{"start":{"line":109,"column":12},"end":{"line":111,"column":13}}],"line":109},"27":{"loc":{"start":{"line":112,"column":12},"end":{"line":114,"column":13}},"type":"if","locations":[{"start":{"line":112,"column":12},"end":{"line":114,"column":13}},{"start":{"line":112,"column":12},"end":{"line":114,"column":13}}],"line":112},"28":{"loc":{"start":{"line":115,"column":12},"end":{"line":117,"column":13}},"type":"if","locations":[{"start":{"line":115,"column":12},"end":{"line":117,"column":13}},{"start":{"line":115,"column":12},"end":{"line":117,"column":13}}],"line":115},"29":{"loc":{"start":{"line":118,"column":12},"end":{"line":120,"column":13}},"type":"if","locations":[{"start":{"line":118,"column":12},"end":{"line":120,"column":13}},{"start":{"line":118,"column":12},"end":{"line":120,"column":13}}],"line":118},"30":{"loc":{"start":{"line":122,"column":8},"end":{"line":135,"column":9}},"type":"if","locations":[{"start":{"line":122,"column":8},"end":{"line":135,"column":9}},{"start":{"line":122,"column":8},"end":{"line":135,"column":9}}],"line":122},"31":{"loc":{"start":{"line":123,"column":12},"end":{"line":125,"column":13}},"type":"if","locations":[{"start":{"line":123,"column":12},"end":{"line":125,"column":13}},{"start":{"line":123,"column":12},"end":{"line":125,"column":13}}],"line":123},"32":{"loc":{"start":{"line":126,"column":12},"end":{"line":128,"column":13}},"type":"if","locations":[{"start":{"line":126,"column":12},"end":{"line":128,"column":13}},{"start":{"line":126,"column":12},"end":{"line":128,"column":13}}],"line":126},"33":{"loc":{"start":{"line":129,"column":12},"end":{"line":131,"column":13}},"type":"if","locations":[{"start":{"line":129,"column":12},"end":{"line":131,"column":13}},{"start":{"line":129,"column":12},"end":{"line":131,"column":13}}],"line":129},"34":{"loc":{"start":{"line":132,"column":12},"end":{"line":134,"column":13}},"type":"if","locations":[{"start":{"line":132,"column":12},"end":{"line":134,"column":13}},{"start":{"line":132,"column":12},"end":{"line":134,"column":13}}],"line":132},"35":{"loc":{"start":{"line":136,"column":8},"end":{"line":149,"column":9}},"type":"if","locations":[{"start":{"line":136,"column":8},"end":{"line":149,"column":9}},{"start":{"line":136,"column":8},"end":{"line":149,"column":9}}],"line":136},"36":{"loc":{"start":{"line":137,"column":12},"end":{"line":139,"column":13}},"type":"if","locations":[{"start":{"line":137,"column":12},"end":{"line":139,"column":13}},{"start":{"line":137,"column":12},"end":{"line":139,"column":13}}],"line":137},"37":{"loc":{"start":{"line":140,"column":12},"end":{"line":142,"column":13}},"type":"if","locations":[{"start":{"line":140,"column":12},"end":{"line":142,"column":13}},{"start":{"line":140,"column":12},"end":{"line":142,"column":13}}],"line":140},"38":{"loc":{"start":{"line":143,"column":12},"end":{"line":145,"column":13}},"type":"if","locations":[{"start":{"line":143,"column":12},"end":{"line":145,"column":13}},{"start":{"line":143,"column":12},"end":{"line":145,"column":13}}],"line":143},"39":{"loc":{"start":{"line":146,"column":12},"end":{"line":148,"column":13}},"type":"if","locations":[{"start":{"line":146,"column":12},"end":{"line":148,"column":13}},{"start":{"line":146,"column":12},"end":{"line":148,"column":13}}],"line":146},"40":{"loc":{"start":{"line":182,"column":17},"end":{"line":182,"column":75}},"type":"binary-expr","locations":[{"start":{"line":182,"column":17},"end":{"line":182,"column":44}},{"start":{"line":182,"column":48},"end":{"line":182,"column":75}}],"line":182},"41":{"loc":{"start":{"line":174,"column":12},"end":{"line":177,"column":13}},"type":"if","locations":[{"start":{"line":174,"column":12},"end":{"line":177,"column":13}},{"start":{"line":174,"column":12},"end":{"line":177,"column":13}}],"line":174},"42":{"loc":{"start":{"line":178,"column":12},"end":{"line":181,"column":13}},"type":"if","locations":[{"start":{"line":178,"column":12},"end":{"line":181,"column":13}},{"start":{"line":178,"column":12},"end":{"line":181,"column":13}}],"line":178}},"s":{"0":1,"1":1,"2":1,"3":1,"4":2,"5":2,"6":2,"7":2,"8":2,"9":2,"10":0,"11":0,"12":0,"13":0,"14":0,"15":0,"16":0,"17":0,"18":2,"19":2,"20":0,"21":2,"22":2,"23":0,"24":0,"25":0,"26":0,"27":0,"28":0,"29":0,"30":0,"31":0,"32":0,"33":0,"34":0,"35":0,"36":0,"37":0,"38":0,"39":0,"40":0,"41":0,"42":0,"43":0,"44":0,"45":0,"46":2,"47":2,"48":2,"49":2,"50":2,"51":0,"52":2,"53":0,"54":2,"55":2,"56":0,"57":0,"58":0,"59":0,"60":0,"61":0,"62":0,"63":0,"64":0,"65":0,"66":0,"67":0,"68":0,"69":0,"70":0,"71":0,"72":0,"73":0,"74":0,"75":0,"76":0,"77":0,"78":0,"79":0,"80":0,"81":0,"82":0,"83":0,"84":0,"85":0,"86":1,"87":1,"88":1,"89":1,"90":1,"91":1,"92":1,"93":1,"94":1,"95":1,"96":1,"97":1,"98":1,"99":1,"100":1,"101":1,"102":0,"103":0,"104":0,"105":1,"106":1,"107":1,"108":1,"109":1},"f":{"0":2,"1":2,"2":2,"3":1},"b":{"0":[0,2],"1":[0,0],"2":[0,0],"3":[0,0],"4":[0,0],"5":[2,0],"6":[0,2],"7":[2,0],"8":[0,0],"9":[0,0],"10":[0,0],"11":[0,0],"12":[0,0],"13":[0,0],"14":[0,0],"15":[0,0],"16":[0,0],"17":[0,0],"18":[0,0],"19":[0,0],"20":[2,0],"21":[0,2],"22":[0,2],"23":[2,0],"24":[0,0],"25":[0,0],"26":[0,0],"27":[0,0],"28":[0,0],"29":[0,0],"30":[0,0],"31":[0,0],"32":[0,0],"33":[0,0],"34":[0,0],"35":[0,0],"36":[0,0],"37":[0,0],"38":[0,0],"39":[0,0],"40":[0,0],"41":[1,0],"42":[0,0]},"inputSourceMap":{"version":3,"file":"/home/usuario/ull-esit-inf-dsi-20-21-prct06-generics-solid-alu0101254678/src/ejercicio-1/combat.ts","sources":["/home/usuario/ull-esit-inf-dsi-20-21-prct06-generics-solid-alu0101254678/src/ejercicio-1/combat.ts"],"names":[],"mappings":";;;AAMA,qCAAgC;AAChC,uCAAkC;AAGlC;;;;GAIG;AACH,MAAa,MAAM;IAIjB,YAAY,aAAgB,EAAE,aAAgB;QAC5C,IAAI,CAAC,aAAa,GAAG,aAAa,CAAC;QACnC,IAAI,CAAC,aAAa,GAAG,aAAa,CAAC;IACrC,CAAC;IAED;;;;;OAKG;IACH,uCAAuC;QACrC,MAAM,cAAc,GAAW,EAAE,GAAG,CAAC,IAAI,CAAC,aAAa,CAAC,MAAM,GAAG,IAAI,CAAC,aAAa,CAAC,OAAO,CAAC,GAAG,CAAC,CAAC;QACjG,MAAM,MAAM,GAAW,EAAE,GAAG,CAAC,IAAI,CAAC,aAAa,CAAC,MAAM,GAAG,IAAI,CAAC,aAAa,CAAC,OAAO,CAAC,CAAC;QACrF,MAAM,aAAa,GAAW,EAAE,GAAG,CAAC,IAAI,CAAC,aAAa,CAAC,MAAM,GAAG,IAAI,CAAC,aAAa,CAAC,OAAO,CAAC,GAAG,GAAG,CAAC;QAGlG,IAAI,IAAI,CAAC,aAAa,CAAC,IAAI,KAAK,OAAO,EAAE;YACvC,IAAI,IAAI,CAAC,aAAa,CAAC,IAAI,KAAK,OAAO,EAAE;gBACvC,OAAO,aAAa,CAAC;aACtB;YACD,IAAI,IAAI,CAAC,aAAa,CAAC,IAAI,KAAK,QAAQ,EAAE;gBACxC,OAAO,cAAc,CAAC;aACvB;YACD,IAAI,IAAI,CAAC,aAAa,CAAC,IAAI,KAAK,MAAM,EAAE;gBACtC,OAAO,aAAa,CAAC;aACtB;YACD,IAAI,IAAI,CAAC,aAAa,CAAC,IAAI,KAAK,WAAW,EAAE;gBAC3C,OAAO,MAAM,CAAC;aACf;SACF;QAED,IAAI,IAAI,CAAC,aAAa,CAAC,IAAI,KAAK,MAAM,EAAE;YACtC,IAAI,IAAI,CAAC,aAAa,CAAC,IAAI,KAAK,MAAM,EAAE;gBACtC,OAAO,aAAa,CAAC;aACtB;YACD,IAAI,IAAI,CAAC,aAAa,CAAC,IAAI,KAAK,OAAO,EAAE;gBACvC,OAAO,cAAc,CAAC;aACvB;YACD,IAAI,IAAI,CAAC,aAAa,CAAC,IAAI,KAAI,QAAQ,EAAE;gBACvC,OAAO,aAAa,CAAC;aACtB;YACD,IAAI,IAAI,CAAC,aAAa,CAAC,IAAI,KAAK,WAAW,EAAE;gBAC3C,OAAO,MAAM,CAAC;aACf;SACF;QACD,IAAI,IAAI,CAAC,aAAa,CAAC,IAAI,KAAK,QAAQ,EAAE;YACxC,IAAI,IAAI,CAAC,aAAa,CAAC,IAAI,KAAK,QAAQ,EAAE;gBACxC,OAAO,aAAa,CAAC;aACtB;YACD,IAAI,IAAI,CAAC,aAAa,CAAC,IAAI,KAAI,OAAO,EAAE;gBACtC,OAAO,aAAa,CAAC;aACtB;YACD,IAAI,IAAI,CAAC,aAAa,CAAC,IAAI,KAAK,MAAM,EAAE;gBACtC,OAAO,cAAc,CAAC;aACvB;YACD,IAAI,IAAI,CAAC,aAAa,CAAC,IAAI,KAAK,WAAW,EAAE;gBAC3C,OAAO,MAAM,CAAC;aACf;SACF;QACD,IAAI,IAAI,CAAC,aAAa,CAAC,IAAI,KAAK,WAAW,EAAE;YAC3C,IAAI,IAAI,CAAC,aAAa,CAAC,IAAI,KAAK,WAAW,EAAE;gBAC3C,OAAO,aAAa,CAAC;aACtB;YACD,IAAI,IAAI,CAAC,aAAa,CAAC,IAAI,KAAK,OAAO,EAAE;gBACvC,OAAO,MAAM,CAAC;aACf;YACD,IAAI,IAAI,CAAC,aAAa,CAAC,IAAI,KAAK,MAAM,EAAE;gBACtC,OAAO,cAAc,CAAC;aACvB;YACD,IAAI,IAAI,CAAC,aAAa,CAAC,IAAI,KAAK,QAAQ,EAAE;gBACxC,OAAO,MAAM,CAAC;aACf;SACF;QACD,OAAO,CAAC,CAAC;IACX,CAAC;IAED;;;;;OAKG;IACH,uCAAuC;QACrC,MAAM,cAAc,GAAW,EAAE,GAAG,CAAC,IAAI,CAAC,aAAa,CAAC,MAAM,GAAG,IAAI,CAAC,aAAa,CAAC,OAAO,CAAC,GAAG,CAAC,CAAC;QACjG,MAAM,MAAM,GAAW,EAAE,GAAG,CAAC,IAAI,CAAC,aAAa,CAAC,MAAM,GAAG,IAAI,CAAC,aAAa,CAAC,OAAO,CAAC,CAAC;QACrF,MAAM,aAAa,GAAW,EAAE,GAAG,CAAC,IAAI,CAAC,aAAa,CAAC,MAAM,GAAG,IAAI,CAAC,aAAa,CAAC,OAAO,CAAC,GAAG,GAAG,CAAC;QAGlG,IAAI,IAAI,CAAC,aAAa,CAAC,IAAI,KAAK,OAAO,EAAE;YACvC,IAAI,IAAI,CAAC,aAAa,CAAC,IAAI,KAAK,OAAO,EAAE;gBACvC,OAAO,aAAa,CAAC;aACtB;YACD,IAAI,IAAI,CAAC,aAAa,CAAC,IAAI,KAAK,QAAQ,EAAE;gBACxC,OAAO,cAAc,CAAC;aACvB;YACD,IAAI,IAAI,CAAC,aAAa,CAAC,IAAI,KAAK,MAAM,EAAE;gBACtC,OAAO,aAAa,CAAC;aACtB;YACD,IAAI,IAAI,CAAC,aAAa,CAAC,IAAI,KAAK,WAAW,EAAE;gBAC3C,OAAO,MAAM,CAAC;aACf;SACF;QAED,IAAI,IAAI,CAAC,aAAa,CAAC,IAAI,KAAK,MAAM,EAAE;YACtC,IAAI,IAAI,CAAC,aAAa,CAAC,IAAI,KAAK,MAAM,EAAE;gBACtC,OAAO,aAAa,CAAC;aACtB;YACD,IAAI,IAAI,CAAC,aAAa,CAAC,IAAI,KAAK,OAAO,EAAE;gBACvC,OAAO,cAAc,CAAC;aACvB;YACD,IAAI,IAAI,CAAC,aAAa,CAAC,IAAI,KAAK,QAAQ,EAAE;gBACxC,OAAO,aAAa,CAAC;aACtB;YACD,IAAI,IAAI,CAAC,aAAa,CAAC,IAAI,KAAK,WAAW,EAAE;gBAC3C,OAAO,MAAM,CAAC;aACf;SACF;QACD,IAAI,IAAI,CAAC,aAAa,CAAC,IAAI,KAAK,QAAQ,EAAE;YACxC,IAAI,IAAI,CAAC,aAAa,CAAC,IAAI,KAAK,QAAQ,EAAE;gBACxC,OAAO,aAAa,CAAC;aACtB;YACD,IAAI,IAAI,CAAC,aAAa,CAAC,IAAI,KAAK,OAAO,EAAE;gBACvC,OAAO,aAAa,CAAC;aACtB;YACD,IAAI,IAAI,CAAC,aAAa,CAAC,IAAI,KAAK,MAAM,EAAE;gBACtC,OAAO,cAAc,CAAC;aACvB;YACD,IAAI,IAAI,CAAC,aAAa,CAAC,IAAI,KAAK,WAAW,EAAE;gBAC3C,OAAO,MAAM,CAAC;aACf;SACF;QACD,IAAI,IAAI,CAAC,aAAa,CAAC,IAAI,KAAK,WAAW,EAAE;YAC3C,IAAI,IAAI,CAAC,aAAa,CAAC,IAAI,KAAK,WAAW,EAAE;gBAC3C,OAAO,aAAa,CAAC;aACtB;YACD,IAAI,IAAI,CAAC,aAAa,CAAC,IAAI,KAAK,OAAO,EAAE;gBACvC,OAAO,MAAM,CAAC;aACf;YACD,IAAI,IAAI,CAAC,aAAa,CAAC,IAAI,KAAK,MAAM,EAAE;gBACtC,OAAO,cAAc,CAAC;aACvB;YACD,IAAI,IAAI,CAAC,aAAa,CAAC,IAAI,KAAK,QAAQ,EAAE;gBACxC,OAAO,MAAM,CAAC;aACf;SACF;QACD,OAAO,CAAC,CAAC;IACX,CAAC;IAED;;;;;;;OAOG;IACH,KAAK;QACH,GAAG;YACD,OAAO,CAAC,GAAG,CAAC,WAAW,IAAI,CAAC,aAAa,CAAC,MAAM,WAAW,IAAI,CAAC,aAAa,CAAC,IAAI,aAAa,IAAI,CAAC,aAAa,CAAC,MAAM,cAAc,IAAI,CAAC,aAAa,CAAC,OAAO,gBAAgB,IAAI,CAAC,aAAa,CAAC,SAAS,WAAW,IAAI,CAAC,aAAa,CAAC,IAAI,EAAE,CAAC,CAAC;YAClP,OAAO,CAAC,GAAG,CAAC,WAAW,IAAI,CAAC,aAAa,CAAC,MAAM,WAAW,IAAI,CAAC,aAAa,CAAC,IAAI,aAAa,IAAI,CAAC,aAAa,CAAC,MAAM,cAAc,IAAI,CAAC,aAAa,CAAC,OAAO,gBAAgB,IAAI,CAAC,aAAa,CAAC,SAAS,WAAW,IAAI,CAAC,aAAa,CAAC,IAAI,EAAE,CAAC,CAAC;YAElP,MAAM,oBAAoB,GAAW,IAAI,CAAC,uCAAuC,EAAE,CAAC;YACpF,OAAO,CAAC,GAAG,CAAC,0CAA0C,oBAAoB,EAAE,CAAC,CAAC;YAC9E,OAAO,CAAC,GAAG,CAAC,IAAI,CAAC,aAAa,CAAC,SAAS,EAAE,CAAC,CAAC;YAC5C,MAAM,oBAAoB,GAAW,IAAI,CAAC,uCAAuC,EAAE,CAAC;YACpF,OAAO,CAAC,GAAG,CAAC,0CAA0C,oBAAoB,EAAE,CAAC,CAAC;YAC9E,OAAO,CAAC,GAAG,CAAC,IAAI,CAAC,aAAa,CAAC,SAAS,EAAE,CAAC,CAAC;YAE5C,IAAI,CAAC,aAAa,CAAC,IAAI,IAAI,oBAAoB,CAAC;YAChD,OAAO,CAAC,GAAG,CAAC,0BAA0B,IAAI,CAAC,aAAa,CAAC,IAAI,EAAE,CAAC,CAAC;YACjE,IAAI,CAAC,aAAa,CAAC,IAAI,IAAI,oBAAoB,CAAC;YAChD,OAAO,CAAC,GAAG,CAAC,0BAA0B,IAAI,CAAC,aAAa,CAAC,IAAI,EAAE,CAAC,CAAC;YACjE,IAAI,IAAI,CAAC,aAAa,CAAC,IAAI,IAAI,CAAC,EAAE;gBAChC,OAAO,CAAC,GAAG,CAAC,aAAa,IAAI,CAAC,aAAa,CAAC,MAAM,GAAG,CAAC,CAAC;gBACvD,OAAO;aACR;YACD,IAAI,IAAI,CAAC,aAAa,CAAC,IAAI,IAAI,CAAC,EAAE;gBAChC,OAAO,CAAC,GAAG,CAAC,aAAa,IAAI,CAAC,aAAa,CAAC,MAAM,GAAG,CAAC,CAAC;gBACvD,OAAO;aACR;SACF,QAAQ,IAAI,CAAC,aAAa,CAAC,IAAI,GAAG,CAAC,IAAI,IAAI,CAAC,aAAa,CAAC,IAAI,GAAG,CAAC,EAAE;IACvE,CAAC;CACF;AA3LD,wBA2LC;AAED,MAAM,OAAO,GAAY,IAAI,iBAAO,CAAC,QAAQ,EAAE,EAAE,EAAE,CAAC,EAAE,MAAM,EAAE,GAAG,EAAE,EAAE,EAAE,GAAG,EAAE,EAAE,CAAC,CAAC;AAChF,MAAM,QAAQ,GAAW,IAAI,eAAM,CAAC,UAAU,EAAE,GAAG,EAAE,EAAE,EAAE,OAAO,EAAE,GAAG,EAAE,GAAG,EAAE,EAAE,EAAE,GAAG,CAAC,CAAC;AACrF,MAAM,SAAS,GAA4B,IAAI,MAAM,CAAC,OAAO,EAAE,QAAQ,CAAC,CAAC;AACzE,SAAS,CAAC,KAAK,EAAE,CAAC","sourcesContent":["/**\n * Importamos todas las clases que representan a los\n * universos, se encuentran en el mismo directorio\n */\nimport {DC} from './dc';\nimport {Dragon_Ball} from './dragon_ball';\nimport {Marvel} from './marvel';\nimport {Pokemon} from './pokemon';\nimport {Star_Wars} from './star_wars';\n\n/**\n * Clase combat, que representa un combate entre dos luchadores que pueden ser de universos distintos, o incluso\n * del mismo universo, por eso se utilizan dos tipos de datos que llamamos T y U, que extienden a todas las clases\n * consideradas, tiene dos atributos, los dos luchadores\n */\nexport class Combat<T extends DC | Dragon_Ball | Marvel | Pokemon | Star_Wars, U extends DC | Dragon_Ball | Marvel | Pokemon | Star_Wars> {\n  combatiente_1: T;\n  combatiente_2: U;\n\n  constructor(combatiente_1: T, combatiente_2: U) {\n    this.combatiente_1 = combatiente_1;\n    this.combatiente_2 = combatiente_2;\n  }\n\n  /**\n   * Método que calcula el daño realizado del primer luchador al segundo, para ello\n   * se basa en una conveniencia de tipos, y en tres fórmulas según el daño sea\n   * super efectivo, normal, o poco efectivo\n   * @returns un valor que representa el daño realizado del combatiente 1 al combatiente 2\n   */\n  efective_combatiente_1_to_combatiente_2(): number {\n    const super_efectivo: number = 50 * (this.combatiente_1.ataque / this.combatiente_2.defensa) * 2;\n    const normal: number = 50 * (this.combatiente_1.ataque / this.combatiente_2.defensa);\n    const poco_efectivo: number = 50 * (this.combatiente_1.ataque / this.combatiente_2.defensa) * 0.5;\n\n\n    if (this.combatiente_1.tipo === 'fuego') {\n      if (this.combatiente_2.tipo === 'fuego') {\n        return poco_efectivo;\n      }\n      if (this.combatiente_2.tipo === 'hierba') {\n        return super_efectivo;\n      }\n      if (this.combatiente_2.tipo === 'agua') {\n        return poco_efectivo;\n      }\n      if (this.combatiente_2.tipo === 'electrico') {\n        return normal;\n      }\n    }\n\n    if (this.combatiente_1.tipo === 'agua') {\n      if (this.combatiente_2.tipo === 'agua') {\n        return poco_efectivo;\n      }\n      if (this.combatiente_2.tipo === 'fuego') {\n        return super_efectivo;\n      }\n      if (this.combatiente_2.tipo=== 'hierba') {\n        return poco_efectivo;\n      }\n      if (this.combatiente_2.tipo === 'electrico') {\n        return normal;\n      }\n    }\n    if (this.combatiente_1.tipo === 'hierba') {\n      if (this.combatiente_2.tipo === 'hierba') {\n        return poco_efectivo;\n      }\n      if (this.combatiente_2.tipo=== 'fuego') {\n        return poco_efectivo;\n      }\n      if (this.combatiente_2.tipo === 'agua') {\n        return super_efectivo;\n      }\n      if (this.combatiente_2.tipo === 'electrico') {\n        return normal;\n      }\n    }\n    if (this.combatiente_1.tipo === 'electrico') {\n      if (this.combatiente_2.tipo === 'electrico') {\n        return poco_efectivo;\n      }\n      if (this.combatiente_2.tipo === 'fuego') {\n        return normal;\n      }\n      if (this.combatiente_2.tipo === 'agua') {\n        return super_efectivo;\n      }\n      if (this.combatiente_2.tipo === 'hierba') {\n        return normal;\n      }\n    }\n    return 0;\n  }\n\n  /**\n   * Método que calcula el daño realizado del segundo luchador al primero, para ello\n   * se basa en una conveniencia de tipos, y en tres fórmulas según el daño sea\n   * super efectivo, normal, o poco efectivo\n   * @returns un valor que representa el daño realizado del combatiente 2 al combatiente 1\n   */\n  efective_combatiente_2_to_combatiente_1(): number {\n    const super_efectivo: number = 50 * (this.combatiente_2.ataque / this.combatiente_1.defensa) * 2;\n    const normal: number = 50 * (this.combatiente_2.ataque / this.combatiente_1.defensa);\n    const poco_efectivo: number = 50 * (this.combatiente_2.ataque / this.combatiente_1.defensa) * 0.5;\n\n\n    if (this.combatiente_2.tipo === 'fuego') {\n      if (this.combatiente_1.tipo === 'fuego') {\n        return poco_efectivo;\n      }\n      if (this.combatiente_1.tipo === 'hierba') {\n        return super_efectivo;\n      }\n      if (this.combatiente_1.tipo === 'agua') {\n        return poco_efectivo;\n      }\n      if (this.combatiente_1.tipo === 'electrico') {\n        return normal;\n      }\n    }\n\n    if (this.combatiente_2.tipo === 'agua') {\n      if (this.combatiente_1.tipo === 'agua') {\n        return poco_efectivo;\n      }\n      if (this.combatiente_1.tipo === 'fuego') {\n        return super_efectivo;\n      }\n      if (this.combatiente_1.tipo === 'hierba') {\n        return poco_efectivo;\n      }\n      if (this.combatiente_1.tipo === 'electrico') {\n        return normal;\n      }\n    }\n    if (this.combatiente_2.tipo === 'hierba') {\n      if (this.combatiente_1.tipo === 'hierba') {\n        return poco_efectivo;\n      }\n      if (this.combatiente_1.tipo === 'fuego') {\n        return poco_efectivo;\n      }\n      if (this.combatiente_1.tipo === 'agua') {\n        return super_efectivo;\n      }\n      if (this.combatiente_1.tipo === 'electrico') {\n        return normal;\n      }\n    }\n    if (this.combatiente_2.tipo === 'electrico') {\n      if (this.combatiente_1.tipo === 'electrico') {\n        return poco_efectivo;\n      }\n      if (this.combatiente_1.tipo === 'fuego') {\n        return normal;\n      }\n      if (this.combatiente_1.tipo === 'agua') {\n        return super_efectivo;\n      }\n      if (this.combatiente_1.tipo === 'hierba') {\n        return normal;\n      }\n    }\n    return 0;\n  }\n\n  /**\n   * Método que representa un combate entre dos combatientes, al principio se muestran los datos\n   * de ambos, luego el daño que va haciendo el combatiente 1 al combatiente 2, y viceversa, y se\n   * muestra la vida de ambos y una frase característica según su universo, luego el combate finaliza\n   * cuando la vida de alguno de ellos llegue a cero, ya que se irá reduciendo en función del daño que haga\n   * el contrario, llamando al método de arriba\n   * @returns, realmente no devuelve nada, solo muestra la evolución del combate en la terminal\n   */\n  start() {\n    do {\n      console.log(`Nombre: ${this.combatiente_1.nombre}, Tipo: ${this.combatiente_1.tipo}, Ataque: ${this.combatiente_1.ataque}, Defensa: ${this.combatiente_1.defensa}, Velocidad: ${this.combatiente_1.velocidad}, Vida: ${this.combatiente_1.vida}`);\n      console.log(`Nombre: ${this.combatiente_2.nombre}, Tipo: ${this.combatiente_2.tipo}, Ataque: ${this.combatiente_2.ataque}, Defensa: ${this.combatiente_2.defensa}, Velocidad: ${this.combatiente_2.velocidad}, Vida: ${this.combatiente_2.vida}`);\n\n      const dano_a_combatiente_2: number = this.efective_combatiente_1_to_combatiente_2();\n      console.log(`Daño de combatiente 1 a combatiente 2: ${dano_a_combatiente_2}`);\n      console.log(this.combatiente_1.get_frase());\n      const dano_a_combatiente_1: number = this.efective_combatiente_2_to_combatiente_1();\n      console.log(`Daño de combatiente 2 a combatiente 1: ${dano_a_combatiente_1}`);\n      console.log(this.combatiente_2.get_frase());\n\n      this.combatiente_2.vida -= dano_a_combatiente_2;\n      console.log(`vida de combatiente 2: ${this.combatiente_2.vida}`);\n      this.combatiente_1.vida -= dano_a_combatiente_1;\n      console.log(`vida de combatiente 1: ${this.combatiente_1.vida}`);\n      if (this.combatiente_1.vida <= 0) {\n        console.log(`Ha ganado ${this.combatiente_2.nombre}!`);\n        return;\n      }\n      if (this.combatiente_2.vida <= 0) {\n        console.log(`Ha ganado ${this.combatiente_1.nombre}!`);\n        return;\n      }\n    } while (this.combatiente_1.vida > 0 && this.combatiente_2.vida > 0);\n  }\n}\n\nconst pikachu: Pokemon = new Pokemon('lapras', 10, 1, 'agua', 200, 50, 150, 30);\nconst iron_man: Marvel = new Marvel('iron man', 100, 50, 'fuego', 200, 100, 90, 100);\nconst combate_1: Combat<Pokemon, Marvel> = new Combat(pikachu, iron_man);\ncombate_1.start();\n\n\n"]},"_coverageSchema":"1a1c01bbd47fc00a2c39e90264f33305004495a9","hash":"a29963345eefbc8abbb85ac645d419dbaa5b03bd","contentHash":"89abb1b3e60fe339d7a22c633f684251f24b82e3fe389cc9c86c6dbc01b4cfe6"},"/home/usuario/ull-esit-inf-dsi-20-21-prct06-generics-solid-alu0101254678/src/ejercicio-1/dc.ts":{"path":"/home/usuario/ull-esit-inf-dsi-20-21-prct06-generics-solid-alu0101254678/src/ejercicio-1/dc.ts","statementMap":{"0":{"start":{"line":2,"column":0},"end":{"line":2,"column":62}},"1":{"start":{"line":3,"column":0},"end":{"line":3,"column":20}},"2":{"start":{"line":4,"column":18},"end":{"line":4,"column":38}},"3":{"start":{"line":10,"column":8},"end":{"line":10,"column":76}},"4":{"start":{"line":17,"column":8},"end":{"line":17,"column":73}},"5":{"start":{"line":20,"column":0},"end":{"line":20,"column":16}}},"fnMap":{"0":{"name":"(anonymous_0)","decl":{"start":{"line":9,"column":4},"end":{"line":9,"column":5}},"loc":{"start":{"line":9,"column":78},"end":{"line":11,"column":5}},"line":9},"1":{"name":"(anonymous_1)","decl":{"start":{"line":16,"column":4},"end":{"line":16,"column":5}},"loc":{"start":{"line":16,"column":16},"end":{"line":18,"column":5}},"line":16}},"branchMap":{},"s":{"0":1,"1":1,"2":1,"3":2,"4":1,"5":1},"f":{"0":2,"1":1},"b":{},"inputSourceMap":{"version":3,"file":"/home/usuario/ull-esit-inf-dsi-20-21-prct06-generics-solid-alu0101254678/src/ejercicio-1/dc.ts","sources":["/home/usuario/ull-esit-inf-dsi-20-21-prct06-generics-solid-alu0101254678/src/ejercicio-1/dc.ts"],"names":[],"mappings":";;;AAAA,uCAAkC;AAElC;;GAEG;AACH,MAAa,EAAG,SAAQ,iBAAO;IAC7B,YAAY,MAAc,EAAE,IAAY,EAAE,MAAc,EAAE,IAAY,EAAE,MAAc,EAAE,OAAe,EAAE,SAAiB,EAAE,IAAY;QACtI,KAAK,CAAC,MAAM,EAAE,IAAI,EAAE,MAAM,EAAE,IAAI,EAAE,MAAM,EAAE,OAAO,EAAE,SAAS,EAAE,IAAI,CAAC,CAAC;IACtE,CAAC;IAED;;;OAGG;IACH,SAAS;QACP,OAAO,yDAAyD,CAAC;IACnE,CAAC;CACF;AAZD,gBAYC","sourcesContent":["import {Fighter} from './fighter';\n\n/**\n * Clase que representa a un luchador del universo DC, hereda los atributos de la clase genérica Fighter\n */\nexport class DC extends Fighter {\n  constructor(nombre: string, peso: number, altura: number, tipo: string, ataque: number, defensa: number, velocidad: number, vida: number) {\n    super(nombre, peso, altura, tipo, ataque, defensa, velocidad, vida);\n  }\n\n  /**\n   * Método que obtiene una frase característica\n   * @returns un string de caracteres\n   */\n  get_frase(): string {\n    return 'Es hora de que aprendas lo que significa ser un hombre!';\n  }\n}\n"]},"_coverageSchema":"1a1c01bbd47fc00a2c39e90264f33305004495a9","hash":"f917c5360cda123effe9deb6dfa4b700a5891b43","contentHash":"ab338bb4cc325a4aed0bba8b28baf5aec301276b1f4ff5034e083c32e0cc5d7f"},"/home/usuario/ull-esit-inf-dsi-20-21-prct06-generics-solid-alu0101254678/src/ejercicio-1/dragon_ball.ts":{"path":"/home/usuario/ull-esit-inf-dsi-20-21-prct06-generics-solid-alu0101254678/src/ejercicio-1/dragon_ball.ts","statementMap":{"0":{"start":{"line":2,"column":0},"end":{"line":2,"column":62}},"1":{"start":{"line":3,"column":0},"end":{"line":3,"column":29}},"2":{"start":{"line":4,"column":18},"end":{"line":4,"column":38}},"3":{"start":{"line":10,"column":8},"end":{"line":10,"column":76}},"4":{"start":{"line":17,"column":8},"end":{"line":17,"column":44}},"5":{"start":{"line":20,"column":0},"end":{"line":20,"column":34}}},"fnMap":{"0":{"name":"(anonymous_0)","decl":{"start":{"line":9,"column":4},"end":{"line":9,"column":5}},"loc":{"start":{"line":9,"column":78},"end":{"line":11,"column":5}},"line":9},"1":{"name":"(anonymous_1)","decl":{"start":{"line":16,"column":4},"end":{"line":16,"column":5}},"loc":{"start":{"line":16,"column":16},"end":{"line":18,"column":5}},"line":16}},"branchMap":{},"s":{"0":1,"1":1,"2":1,"3":2,"4":1,"5":1},"f":{"0":2,"1":1},"b":{},"inputSourceMap":{"version":3,"file":"/home/usuario/ull-esit-inf-dsi-20-21-prct06-generics-solid-alu0101254678/src/ejercicio-1/dragon_ball.ts","sources":["/home/usuario/ull-esit-inf-dsi-20-21-prct06-generics-solid-alu0101254678/src/ejercicio-1/dragon_ball.ts"],"names":[],"mappings":";;;AAAA,uCAAkC;AAElC;;GAEG;AACH,MAAa,WAAY,SAAQ,iBAAO;IACtC,YAAY,MAAc,EAAE,IAAY,EAAE,MAAc,EAAE,IAAY,EAAE,MAAc,EAAE,OAAe,EAAE,SAAiB,EAAE,IAAY;QACtI,KAAK,CAAC,MAAM,EAAE,IAAI,EAAE,MAAM,EAAE,IAAI,EAAE,MAAM,EAAE,OAAO,EAAE,SAAS,EAAE,IAAI,CAAC,CAAC;IACtE,CAAC;IAED;;;OAGG;IACH,SAAS;QACP,OAAO,4BAA4B,CAAC;IACtC,CAAC;CACF;AAZD,kCAYC","sourcesContent":["import {Fighter} from './fighter';\n\n/**\n * Clase que representa a un luchador del universo Dragon Ball, hereda los atributos de la clase genérica Fighter\n */\nexport class Dragon_Ball extends Fighter {\n  constructor(nombre: string, peso: number, altura: number, tipo: string, ataque: number, defensa: number, velocidad: number, vida: number) {\n    super(nombre, peso, altura, tipo, ataque, defensa, velocidad, vida);\n  }\n\n  /**\n   * Método que obtiene una frase característica\n   * @returns un string de caracteres\n   */\n  get_frase(): string {\n    return 'Ka - me - ha - me - haaaa!';\n  }\n}\n"]},"_coverageSchema":"1a1c01bbd47fc00a2c39e90264f33305004495a9","hash":"ff09406658a39e57b8f0993c428208c6c1b4dc90","contentHash":"cd436c7fdc1894b2dc3d73a20440df76f0d8a3c32a1b66a9c2ff60cf3b4cd3ae"},"/home/usuario/ull-esit-inf-dsi-20-21-prct06-generics-solid-alu0101254678/src/ejercicio-1/pokedex_enciclopedia.ts":{"path":"/home/usuario/ull-esit-inf-dsi-20-21-prct06-generics-solid-alu0101254678/src/ejercicio-1/pokedex_enciclopedia.ts","statementMap":{"0":{"start":{"line":2,"column":0},"end":{"line":2,"column":62}},"1":{"start":{"line":3,"column":0},"end":{"line":3,"column":38}},"2":{"start":{"line":4,"column":17},"end":{"line":4,"column":36}},"3":{"start":{"line":5,"column":18},"end":{"line":5,"column":38}},"4":{"start":{"line":13,"column":8},"end":{"line":13,"column":55}},"5":{"start":{"line":19,"column":8},"end":{"line":21,"column":9}},"6":{"start":{"line":19,"column":26},"end":{"line":19,"column":27}},"7":{"start":{"line":20,"column":12},"end":{"line":20,"column":60}},"8":{"start":{"line":24,"column":0},"end":{"line":24,"column":52}},"9":{"start":{"line":25,"column":16},"end":{"line":25,"column":86}},"10":{"start":{"line":26,"column":15},"end":{"line":26,"column":84}},"11":{"start":{"line":27,"column":17},"end":{"line":27,"column":86}},"12":{"start":{"line":28,"column":18},"end":{"line":28,"column":71}},"13":{"start":{"line":29,"column":0},"end":{"line":29,"column":33}}},"fnMap":{"0":{"name":"(anonymous_0)","decl":{"start":{"line":12,"column":4},"end":{"line":12,"column":5}},"loc":{"start":{"line":12,"column":37},"end":{"line":14,"column":5}},"line":12},"1":{"name":"(anonymous_1)","decl":{"start":{"line":18,"column":4},"end":{"line":18,"column":5}},"loc":{"start":{"line":18,"column":27},"end":{"line":22,"column":5}},"line":18}},"branchMap":{},"s":{"0":1,"1":1,"2":1,"3":1,"4":2,"5":1,"6":1,"7":3,"8":1,"9":1,"10":1,"11":1,"12":1,"13":1},"f":{"0":2,"1":1},"b":{},"inputSourceMap":{"version":3,"file":"/home/usuario/ull-esit-inf-dsi-20-21-prct06-generics-solid-alu0101254678/src/ejercicio-1/pokedex_enciclopedia.ts","sources":["/home/usuario/ull-esit-inf-dsi-20-21-prct06-generics-solid-alu0101254678/src/ejercicio-1/pokedex_enciclopedia.ts"],"names":[],"mappings":";;;AAMA,qCAAgC;AAChC,uCAAkC;AAGlC;;;;GAIG;AACH,MAAa,oBAAoB;IAG/B,YAAY,mBAA6B;QACvC,IAAI,CAAC,mBAAmB,GAAG,mBAAmB,CAAC;IACjD,CAAC;IAED;;OAEG;IACH,oBAAoB;QAClB,KAAK,IAAI,MAAM,GAAG,CAAC,EAAE,MAAM,GAAG,IAAI,CAAC,mBAAmB,CAAC,MAAM,EAAE,MAAM,EAAG,EAAE;YACxE,OAAO,CAAC,KAAK,CAAC,IAAI,CAAC,mBAAmB,CAAC,MAAM,CAAC,CAAC,CAAC;SACjD;IACH,CAAC;CACF;AAfD,oDAeC;AAED,MAAM,OAAO,GAAY,IAAI,iBAAO,CAAC,SAAS,EAAE,EAAE,EAAE,CAAC,EAAE,WAAW,EAAE,GAAG,EAAE,EAAE,EAAE,GAAG,EAAE,EAAE,CAAC,CAAC;AACtF,MAAM,MAAM,GAAY,IAAI,iBAAO,CAAC,QAAQ,EAAE,GAAG,EAAE,EAAE,EAAE,QAAQ,EAAE,GAAG,EAAE,GAAG,EAAE,EAAE,EAAE,GAAG,CAAC,CAAC;AACpF,MAAM,QAAQ,GAAW,IAAI,eAAM,CAAC,UAAU,EAAE,GAAG,EAAE,EAAE,EAAE,OAAO,EAAE,IAAI,EAAE,GAAG,EAAE,EAAE,EAAE,GAAG,CAAC,CAAC;AAEtF,MAAM,SAAS,GAAuC,IAAI,oBAAoB,CAAC,CAAC,OAAO,EAAE,MAAM,EAAE,QAAQ,CAAC,CAAC,CAAC;AAE5G,SAAS,CAAC,oBAAoB,EAAE,CAAC","sourcesContent":["/**\n * Importamos todas las clases que representan a los\n * universos\n */\nimport {DC} from './dc';\nimport {Dragon_Ball} from './dragon_ball';\nimport {Marvel} from './marvel';\nimport {Pokemon} from './pokemon';\nimport {Star_Wars} from './star_wars';\n\n/**\n * Clase Pokedex_Enciclopedia, que es una colección de Pokemons, luchadores de Dragon Ball,\n * de Star Wars, por lo que opera sobre un tipo de dato T, que extiende a todas las demás clases, solo tiene\n * un atributo, y es el vector considerado de distintos tipos de datos\n */\nexport class Pokedex_Enciclopedia<T extends DC & Dragon_Ball & Marvel & Pokemon & Star_Wars> {\n  vector_combatientes: Array<T>;\n\n  constructor(vector_combatientes: Array<T>) {\n    this.vector_combatientes = vector_combatientes;\n  }\n\n  /**\n   * Método que muestra en forma de tabla la información del vector\n   */\n  mostrar_Combatientes() {\n    for (let indice = 0; indice < this.vector_combatientes.length; indice ++) {\n      console.table(this.vector_combatientes[indice]);\n    }\n  }\n}\n\nconst pikachu: Pokemon = new Pokemon('pikachu', 10, 1, 'electrico', 100, 50, 150, 30);\nconst arceus: Pokemon = new Pokemon('arceus', 100, 50, 'normal', 200, 100, 90, 290);\nconst iron_man: Marvel = new Marvel('iron man', 100, 50, 'fuego', 5000, 400, 50, 900);\n\nconst coleccion: Pokedex_Enciclopedia<Pokemon & DC> = new Pokedex_Enciclopedia([pikachu, arceus, iron_man]);\n\ncoleccion.mostrar_Combatientes();\n"]},"_coverageSchema":"1a1c01bbd47fc00a2c39e90264f33305004495a9","hash":"06d39f34e8eb47be27dbc7ca6b75daaedf4ac1cb","contentHash":"be5ae3da6df838b2f907f6fde43b8cf569a82a36b235a7a79db912038cecde40"},"/home/usuario/ull-esit-inf-dsi-20-21-prct06-generics-solid-alu0101254678/src/ejercicio-1/star_wars.ts":{"path":"/home/usuario/ull-esit-inf-dsi-20-21-prct06-generics-solid-alu0101254678/src/ejercicio-1/star_wars.ts","statementMap":{"0":{"start":{"line":2,"column":0},"end":{"line":2,"column":62}},"1":{"start":{"line":3,"column":0},"end":{"line":3,"column":27}},"2":{"start":{"line":4,"column":18},"end":{"line":4,"column":38}},"3":{"start":{"line":10,"column":8},"end":{"line":10,"column":76}},"4":{"start":{"line":17,"column":8},"end":{"line":17,"column":60}},"5":{"start":{"line":20,"column":0},"end":{"line":20,"column":30}}},"fnMap":{"0":{"name":"(anonymous_0)","decl":{"start":{"line":9,"column":4},"end":{"line":9,"column":5}},"loc":{"start":{"line":9,"column":78},"end":{"line":11,"column":5}},"line":9},"1":{"name":"(anonymous_1)","decl":{"start":{"line":16,"column":4},"end":{"line":16,"column":5}},"loc":{"start":{"line":16,"column":16},"end":{"line":18,"column":5}},"line":16}},"branchMap":{},"s":{"0":1,"1":1,"2":1,"3":2,"4":1,"5":1},"f":{"0":2,"1":1},"b":{},"inputSourceMap":{"version":3,"file":"/home/usuario/ull-esit-inf-dsi-20-21-prct06-generics-solid-alu0101254678/src/ejercicio-1/star_wars.ts","sources":["/home/usuario/ull-esit-inf-dsi-20-21-prct06-generics-solid-alu0101254678/src/ejercicio-1/star_wars.ts"],"names":[],"mappings":";;;AAAA,uCAAkC;AAElC;;GAEG;AACH,MAAa,SAAU,SAAQ,iBAAO;IACpC,YAAY,MAAc,EAAE,IAAY,EAAE,MAAc,EAAE,IAAY,EAAE,MAAc,EAAE,OAAe,EAAE,SAAiB,EAAE,IAAY;QACtI,KAAK,CAAC,MAAM,EAAE,IAAI,EAAE,MAAM,EAAE,IAAI,EAAE,MAAM,EAAE,OAAO,EAAE,SAAS,EAAE,IAAI,CAAC,CAAC;IACtE,CAAC;IAED;;;OAGG;IACH,SAAS;QACP,OAAO,4CAA4C,CAAC;IACtD,CAAC;CACF;AAZD,8BAYC","sourcesContent":["import {Fighter} from './fighter';\n\n/**\n * Clase que representa a un luchador del universo Star Wars, hereda los atributos de la clase genérica Fighter\n */\nexport class Star_Wars extends Fighter {\n  constructor(nombre: string, peso: number, altura: number, tipo: string, ataque: number, defensa: number, velocidad: number, vida: number) {\n    super(nombre, peso, altura, tipo, ataque, defensa, velocidad, vida);\n  }\n\n  /**\n   * Método que obtiene una frase característica\n   * @returns un string de caracteres\n   */\n  get_frase(): string {\n    return 'Nunca. Nunca me convertiré al Lado Oscuro!';\n  }\n}\n"]},"_coverageSchema":"1a1c01bbd47fc00a2c39e90264f33305004495a9","hash":"a2056750e913f05a3657eac3e2091dbba7353a61","contentHash":"9ecc3b940778cf9ece6d4a421cf3f4fa675dabff42e2362a4100ffe78e1f0e3f"},"/home/usuario/ull-esit-inf-dsi-20-21-prct06-generics-solid-alu0101254678/src/ejercicio-2/fuerza.ts":{"path":"/home/usuario/ull-esit-inf-dsi-20-21-prct06-generics-solid-alu0101254678/src/ejercicio-2/fuerza.ts","statementMap":{"0":{"start":{"line":2,"column":0},"end":{"line":2,"column":62}},"1":{"start":{"line":3,"column":0},"end":{"line":3,"column":24}},"2":{"start":{"line":10,"column":8},"end":{"line":10,"column":27}},"3":{"start":{"line":18,"column":8},"end":{"line":18,"column":20}},"4":{"start":{"line":26,"column":8},"end":{"line":26,"column":26}},"5":{"start":{"line":33,"column":8},"end":{"line":33,"column":39}},"6":{"start":{"line":36,"column":0},"end":{"line":36,"column":24}}},"fnMap":{"0":{"name":"(anonymous_0)","decl":{"start":{"line":9,"column":4},"end":{"line":9,"column":5}},"loc":{"start":{"line":9,"column":23},"end":{"line":11,"column":5}},"line":9},"1":{"name":"(anonymous_1)","decl":{"start":{"line":17,"column":4},"end":{"line":17,"column":5}},"loc":{"start":{"line":17,"column":17},"end":{"line":19,"column":5}},"line":17},"2":{"name":"(anonymous_2)","decl":{"start":{"line":25,"column":4},"end":{"line":25,"column":5}},"loc":{"start":{"line":25,"column":17},"end":{"line":27,"column":5}},"line":25},"3":{"name":"(anonymous_3)","decl":{"start":{"line":32,"column":4},"end":{"line":32,"column":5}},"loc":{"start":{"line":32,"column":14},"end":{"line":34,"column":5}},"line":32}},"branchMap":{},"s":{"0":1,"1":1,"2":3,"3":1,"4":2,"5":3,"6":1},"f":{"0":3,"1":1,"2":2,"3":3},"b":{},"inputSourceMap":{"version":3,"file":"/home/usuario/ull-esit-inf-dsi-20-21-prct06-generics-solid-alu0101254678/src/ejercicio-2/fuerza.ts","sources":["/home/usuario/ull-esit-inf-dsi-20-21-prct06-generics-solid-alu0101254678/src/ejercicio-2/fuerza.ts"],"names":[],"mappings":";;;AAAA;;;GAGG;AACH,MAAa,MAAM;IAGjB,YAAY,KAAa;QACvB,IAAI,CAAC,KAAK,GAAG,KAAK,CAAC;IACrB,CAAC;IAED;;;;OAIG;IACH,UAAU;QACR,OAAO,IAAI,CAAC;IACd,CAAC;IAED;;;;OAIG;IACH,UAAU;QACR,OAAO,IAAI,CAAC,KAAK,CAAC;IACpB,CAAC;IAED;;;OAGG;IACH,OAAO;QACL,OAAO,CAAC,IAAI,CAAC,KAAK,GAAG,QAAQ,CAAC,CAAC;IACjC,CAAC;CACF;AAhCD,wBAgCC","sourcesContent":["/**\n * Clase fuerza, tiene un unico\n * atributo, su valor numérico\n */\nexport class Fuerza {\n  readonly valor: number;\n\n  constructor(valor: number) {\n    this.valor = valor;\n  }\n\n  /**\n   * Método que obtiene el\n   * objeto\n   * @returns el objeto\n   */\n  get_object(): this {\n    return this;\n  }\n\n  /**\n   * Método que obtiene el valor\n   * del atributo\n   * @returns \"number\"\n   */\n  get_number(): number {\n    return this.valor;\n  }\n\n  /**\n   * Convierte de newtons a kilopondios\n   * @returns el valor * 0.101972\n   */\n  convert(): number {\n    return (this.valor * 0.101972);\n  }\n}\n"]},"_coverageSchema":"1a1c01bbd47fc00a2c39e90264f33305004495a9","hash":"fa8f25f1c973fe046d0b78e8ae13e8256a40ed0f","contentHash":"2d10fcab6d72a7b4c5f7fb4437ada6b5cfefd19a13c93d6c38c68dc89fb3c3ea"},"/home/usuario/ull-esit-inf-dsi-20-21-prct06-generics-solid-alu0101254678/src/ejercicio-2/longitud.ts":{"path":"/home/usuario/ull-esit-inf-dsi-20-21-prct06-generics-solid-alu0101254678/src/ejercicio-2/longitud.ts","statementMap":{"0":{"start":{"line":2,"column":0},"end":{"line":2,"column":62}},"1":{"start":{"line":3,"column":0},"end":{"line":3,"column":26}},"2":{"start":{"line":10,"column":8},"end":{"line":10,"column":27}},"3":{"start":{"line":17,"column":8},"end":{"line":17,"column":20}},"4":{"start":{"line":24,"column":8},"end":{"line":24,"column":26}},"5":{"start":{"line":31,"column":8},"end":{"line":31,"column":35}},"6":{"start":{"line":34,"column":0},"end":{"line":34,"column":28}}},"fnMap":{"0":{"name":"(anonymous_0)","decl":{"start":{"line":9,"column":4},"end":{"line":9,"column":5}},"loc":{"start":{"line":9,"column":23},"end":{"line":11,"column":5}},"line":9},"1":{"name":"(anonymous_1)","decl":{"start":{"line":16,"column":4},"end":{"line":16,"column":5}},"loc":{"start":{"line":16,"column":17},"end":{"line":18,"column":5}},"line":16},"2":{"name":"(anonymous_2)","decl":{"start":{"line":23,"column":4},"end":{"line":23,"column":5}},"loc":{"start":{"line":23,"column":17},"end":{"line":25,"column":5}},"line":23},"3":{"name":"(anonymous_3)","decl":{"start":{"line":30,"column":4},"end":{"line":30,"column":5}},"loc":{"start":{"line":30,"column":14},"end":{"line":32,"column":5}},"line":30}},"branchMap":{},"s":{"0":1,"1":1,"2":3,"3":1,"4":2,"5":3,"6":1},"f":{"0":3,"1":1,"2":2,"3":3},"b":{},"inputSourceMap":{"version":3,"file":"/home/usuario/ull-esit-inf-dsi-20-21-prct06-generics-solid-alu0101254678/src/ejercicio-2/longitud.ts","sources":["/home/usuario/ull-esit-inf-dsi-20-21-prct06-generics-solid-alu0101254678/src/ejercicio-2/longitud.ts"],"names":[],"mappings":";;;AAAA;;;GAGG;AACH,MAAa,QAAQ;IAGnB,YAAY,KAAa;QACvB,IAAI,CAAC,KAAK,GAAG,KAAK,CAAC;IACrB,CAAC;IAED;;;OAGG;IACH,UAAU;QACR,OAAO,IAAI,CAAC;IACd,CAAC;IAED;;;OAGG;IACH,UAAU;QACR,OAAO,IAAI,CAAC,KAAK,CAAC;IACpB,CAAC;IAED;;;OAGG;IACH,OAAO;QACL,OAAO,CAAC,IAAI,CAAC,KAAK,GAAG,IAAI,CAAC,CAAC;IAC7B,CAAC;CACF;AA9BD,4BA8BC","sourcesContent":["/**\n * Clase longitud, trabaja solamente\n * con un único atributo\n */\nexport class Longitud {\n  readonly valor: number;\n\n  constructor(valor: number) {\n    this.valor = valor;\n  }\n\n  /**\n   * Obtiene el objeto de la clase\n   * @returns el propio objeto\n   */\n  get_object(): this {\n    return this;\n  }\n\n  /**\n   * Retorna el valor del atributo\n   * @returns el valor del atributo\n   */\n  get_number(): number {\n    return this.valor;\n  }\n\n  /**\n   * Convierte de pulgadas a centimetros\n   * @returns el valor * 2.54\n   */\n  convert(): number {\n    return (this.valor * 2.54);\n  }\n}\n"]},"_coverageSchema":"1a1c01bbd47fc00a2c39e90264f33305004495a9","hash":"0f0941af11c4d8829909b6fdb1ff31df99441fad","contentHash":"54749e96dcec22279c9410c15c9c6dc66b9d7e130a2c3f4a4d523ec3ca916a1c"},"/home/usuario/ull-esit-inf-dsi-20-21-prct06-generics-solid-alu0101254678/src/ejercicio-2/masa.ts":{"path":"/home/usuario/ull-esit-inf-dsi-20-21-prct06-generics-solid-alu0101254678/src/ejercicio-2/masa.ts","statementMap":{"0":{"start":{"line":2,"column":0},"end":{"line":2,"column":62}},"1":{"start":{"line":3,"column":0},"end":{"line":3,"column":22}},"2":{"start":{"line":10,"column":8},"end":{"line":10,"column":27}},"3":{"start":{"line":17,"column":8},"end":{"line":17,"column":20}},"4":{"start":{"line":24,"column":8},"end":{"line":24,"column":26}},"5":{"start":{"line":31,"column":8},"end":{"line":31,"column":35}},"6":{"start":{"line":34,"column":0},"end":{"line":34,"column":20}}},"fnMap":{"0":{"name":"(anonymous_0)","decl":{"start":{"line":9,"column":4},"end":{"line":9,"column":5}},"loc":{"start":{"line":9,"column":23},"end":{"line":11,"column":5}},"line":9},"1":{"name":"(anonymous_1)","decl":{"start":{"line":16,"column":4},"end":{"line":16,"column":5}},"loc":{"start":{"line":16,"column":17},"end":{"line":18,"column":5}},"line":16},"2":{"name":"(anonymous_2)","decl":{"start":{"line":23,"column":4},"end":{"line":23,"column":5}},"loc":{"start":{"line":23,"column":17},"end":{"line":25,"column":5}},"line":23},"3":{"name":"(anonymous_3)","decl":{"start":{"line":30,"column":4},"end":{"line":30,"column":5}},"loc":{"start":{"line":30,"column":14},"end":{"line":32,"column":5}},"line":30}},"branchMap":{},"s":{"0":1,"1":1,"2":3,"3":1,"4":2,"5":3,"6":1},"f":{"0":3,"1":1,"2":2,"3":3},"b":{},"inputSourceMap":{"version":3,"file":"/home/usuario/ull-esit-inf-dsi-20-21-prct06-generics-solid-alu0101254678/src/ejercicio-2/masa.ts","sources":["/home/usuario/ull-esit-inf-dsi-20-21-prct06-generics-solid-alu0101254678/src/ejercicio-2/masa.ts"],"names":[],"mappings":";;;AAAA;;;GAGG;AACH,MAAa,IAAI;IAGf,YAAY,KAAa;QACvB,IAAI,CAAC,KAAK,GAAG,KAAK,CAAC;IACrB,CAAC;IACD;;;OAGG;IACH,UAAU;QACR,OAAO,IAAI,CAAC;IACd,CAAC;IAED;;;OAGG;IACH,UAAU;QACR,OAAO,IAAI,CAAC,KAAK,CAAC;IACpB,CAAC;IACD;;;OAGG;IACH,OAAO;QACL,OAAO,CAAC,IAAI,CAAC,KAAK,GAAG,IAAI,CAAC,CAAC;IAC7B,CAAC;CACF;AA5BD,oBA4BC","sourcesContent":["/**\n * Clase masa, tiene un único\n * atributo, su valor\n */\nexport class Masa {\n  readonly valor: number;\n\n  constructor(valor: number) {\n    this.valor = valor;\n  }\n  /**\n   * Método que obtiene el objeto en sí\n   * @returns el propio objeto\n   */\n  get_object(): this {\n    return this;\n  }\n\n  /**\n   * Obtiene el valor del atributo\n   * @returns el valor\n   */\n  get_number(): number {\n    return this.valor;\n  }\n  /**\n   * Convierte de kilogramos a gramos\n   * @returns el valor * 1000\n   */\n  convert(): number {\n    return (this.valor * 1000);\n  }\n}\n"]},"_coverageSchema":"1a1c01bbd47fc00a2c39e90264f33305004495a9","hash":"16836a5c564f69e85a540c35878d56c7aef8ef37","contentHash":"c89f72d26fa27c163f53dba629c433203b7c44f91d3b908909bec04359d587c2"},"/home/usuario/ull-esit-inf-dsi-20-21-prct06-generics-solid-alu0101254678/src/ejercicio-2/temperatura.ts":{"path":"/home/usuario/ull-esit-inf-dsi-20-21-prct06-generics-solid-alu0101254678/src/ejercicio-2/temperatura.ts","statementMap":{"0":{"start":{"line":2,"column":0},"end":{"line":2,"column":62}},"1":{"start":{"line":3,"column":0},"end":{"line":3,"column":29}},"2":{"start":{"line":10,"column":8},"end":{"line":10,"column":27}},"3":{"start":{"line":18,"column":8},"end":{"line":18,"column":20}},"4":{"start":{"line":26,"column":8},"end":{"line":26,"column":26}},"5":{"start":{"line":33,"column":8},"end":{"line":33,"column":37}},"6":{"start":{"line":36,"column":0},"end":{"line":36,"column":34}}},"fnMap":{"0":{"name":"(anonymous_0)","decl":{"start":{"line":9,"column":4},"end":{"line":9,"column":5}},"loc":{"start":{"line":9,"column":23},"end":{"line":11,"column":5}},"line":9},"1":{"name":"(anonymous_1)","decl":{"start":{"line":17,"column":4},"end":{"line":17,"column":5}},"loc":{"start":{"line":17,"column":17},"end":{"line":19,"column":5}},"line":17},"2":{"name":"(anonymous_2)","decl":{"start":{"line":25,"column":4},"end":{"line":25,"column":5}},"loc":{"start":{"line":25,"column":17},"end":{"line":27,"column":5}},"line":25},"3":{"name":"(anonymous_3)","decl":{"start":{"line":32,"column":4},"end":{"line":32,"column":5}},"loc":{"start":{"line":32,"column":14},"end":{"line":34,"column":5}},"line":32}},"branchMap":{},"s":{"0":1,"1":1,"2":3,"3":1,"4":2,"5":4,"6":1},"f":{"0":3,"1":1,"2":2,"3":4},"b":{},"inputSourceMap":{"version":3,"file":"/home/usuario/ull-esit-inf-dsi-20-21-prct06-generics-solid-alu0101254678/src/ejercicio-2/temperatura.ts","sources":["/home/usuario/ull-esit-inf-dsi-20-21-prct06-generics-solid-alu0101254678/src/ejercicio-2/temperatura.ts"],"names":[],"mappings":";;;AAAA;;;GAGG;AACH,MAAa,WAAW;IAGtB,YAAY,KAAa;QACvB,IAAI,CAAC,KAAK,GAAG,KAAK,CAAC;IACrB,CAAC;IACD;;;;OAIG;IACH,UAAU;QACR,OAAO,IAAI,CAAC;IACd,CAAC;IAED;;;;OAIG;IACH,UAAU;QACR,OAAO,IAAI,CAAC,KAAK,CAAC;IACpB,CAAC;IAED;;;OAGG;IACH,OAAO;QACL,OAAO,CAAC,IAAI,CAAC,KAAK,GAAG,MAAM,CAAC,CAAC;IAC/B,CAAC;CACF;AA/BD,kCA+BC","sourcesContent":["/**\n * Clase temperatura, tiene un unico\n * atributo, su valor numérico\n */\nexport class Temperatura {\n  readonly valor: number;\n\n  constructor(valor: number) {\n    this.valor = valor;\n  }\n  /**\n   * Método con el que se obtiene\n   * el objeto\n   * @returns el propio objeto\n   */\n  get_object(): this {\n    return this;\n  }\n\n  /**\n   * Se obtiene el valor del\n   * atributo\n   * @returns \"valor\"\n   */\n  get_number(): number {\n    return this.valor;\n  }\n\n  /**\n   * Convierte de celsius a kelvin\n   * @returns el valor + 274.15\n   */\n  convert(): number {\n    return (this.valor + 274.15);\n  }\n}\n"]},"_coverageSchema":"1a1c01bbd47fc00a2c39e90264f33305004495a9","hash":"565b63acfe217ebf1d0d075a6e2588c0bdf180da","contentHash":"6656b35ee4a43b13bc80ea32c3cbc59c17a91c161dd0db026f26d51f9098c587"},"/home/usuario/ull-esit-inf-dsi-20-21-prct06-generics-solid-alu0101254678/src/ejercicio-2/tiempo.ts":{"path":"/home/usuario/ull-esit-inf-dsi-20-21-prct06-generics-solid-alu0101254678/src/ejercicio-2/tiempo.ts","statementMap":{"0":{"start":{"line":2,"column":0},"end":{"line":2,"column":62}},"1":{"start":{"line":3,"column":0},"end":{"line":3,"column":24}},"2":{"start":{"line":10,"column":8},"end":{"line":10,"column":27}},"3":{"start":{"line":17,"column":8},"end":{"line":17,"column":20}},"4":{"start":{"line":24,"column":8},"end":{"line":24,"column":26}},"5":{"start":{"line":31,"column":8},"end":{"line":31,"column":33}},"6":{"start":{"line":34,"column":0},"end":{"line":34,"column":24}}},"fnMap":{"0":{"name":"(anonymous_0)","decl":{"start":{"line":9,"column":4},"end":{"line":9,"column":5}},"loc":{"start":{"line":9,"column":23},"end":{"line":11,"column":5}},"line":9},"1":{"name":"(anonymous_1)","decl":{"start":{"line":16,"column":4},"end":{"line":16,"column":5}},"loc":{"start":{"line":16,"column":17},"end":{"line":18,"column":5}},"line":16},"2":{"name":"(anonymous_2)","decl":{"start":{"line":23,"column":4},"end":{"line":23,"column":5}},"loc":{"start":{"line":23,"column":17},"end":{"line":25,"column":5}},"line":23},"3":{"name":"(anonymous_3)","decl":{"start":{"line":30,"column":4},"end":{"line":30,"column":5}},"loc":{"start":{"line":30,"column":14},"end":{"line":32,"column":5}},"line":30}},"branchMap":{},"s":{"0":1,"1":1,"2":3,"3":1,"4":2,"5":3,"6":1},"f":{"0":3,"1":1,"2":2,"3":3},"b":{},"inputSourceMap":{"version":3,"file":"/home/usuario/ull-esit-inf-dsi-20-21-prct06-generics-solid-alu0101254678/src/ejercicio-2/tiempo.ts","sources":["/home/usuario/ull-esit-inf-dsi-20-21-prct06-generics-solid-alu0101254678/src/ejercicio-2/tiempo.ts"],"names":[],"mappings":";;;AAAA;;;GAGG;AACH,MAAa,MAAM;IAGjB,YAAY,KAAa;QACvB,IAAI,CAAC,KAAK,GAAG,KAAK,CAAC;IACrB,CAAC;IAED;;;OAGG;IACH,UAAU;QACR,OAAO,IAAI,CAAC;IACd,CAAC;IAED;;;OAGG;IACH,UAAU;QACR,OAAO,IAAI,CAAC,KAAK,CAAC;IACpB,CAAC;IAED;;;OAGG;IACH,OAAO;QACL,OAAO,CAAC,IAAI,CAAC,KAAK,GAAG,EAAE,CAAC,CAAC;IAC3B,CAAC;CACF;AA9BD,wBA8BC","sourcesContent":["/**\n * Clase tiempo, solo tiene\n * un unico atributo, su valor\n */\nexport class Tiempo {\n  readonly valor: number;\n\n  constructor(valor: number) {\n    this.valor = valor;\n  }\n\n  /**\n   * Obtiene el objeto y lo devuelve\n   * @returns el propio objeto\n   */\n  get_object(): this {\n    return this;\n  }\n\n  /**\n   * Obtiene el valor del atributo\n   * @returns el valor, el atributo\n   */\n  get_number(): number {\n    return this.valor;\n  }\n\n  /**\n   * Convierte de horas a minutos\n   * @returns el valor * 60\n   */\n  convert(): number {\n    return (this.valor * 60);\n  }\n}\n"]},"_coverageSchema":"1a1c01bbd47fc00a2c39e90264f33305004495a9","hash":"8442c1e72e36a3c15d9a8b12d04d886abfc81cce","contentHash":"5a02d82ec5862cdd50775bcb0254bbc3ab09c699864da900b8f1778848b4846b"},"/home/usuario/ull-esit-inf-dsi-20-21-prct06-generics-solid-alu0101254678/src/ejercicio-2/velocidad.ts":{"path":"/home/usuario/ull-esit-inf-dsi-20-21-prct06-generics-solid-alu0101254678/src/ejercicio-2/velocidad.ts","statementMap":{"0":{"start":{"line":2,"column":0},"end":{"line":2,"column":62}},"1":{"start":{"line":3,"column":0},"end":{"line":3,"column":27}},"2":{"start":{"line":10,"column":8},"end":{"line":10,"column":27}},"3":{"start":{"line":18,"column":8},"end":{"line":18,"column":20}},"4":{"start":{"line":25,"column":8},"end":{"line":25,"column":26}},"5":{"start":{"line":33,"column":8},"end":{"line":33,"column":37}},"6":{"start":{"line":36,"column":0},"end":{"line":36,"column":30}}},"fnMap":{"0":{"name":"(anonymous_0)","decl":{"start":{"line":9,"column":4},"end":{"line":9,"column":5}},"loc":{"start":{"line":9,"column":23},"end":{"line":11,"column":5}},"line":9},"1":{"name":"(anonymous_1)","decl":{"start":{"line":17,"column":4},"end":{"line":17,"column":5}},"loc":{"start":{"line":17,"column":17},"end":{"line":19,"column":5}},"line":17},"2":{"name":"(anonymous_2)","decl":{"start":{"line":24,"column":4},"end":{"line":24,"column":5}},"loc":{"start":{"line":24,"column":17},"end":{"line":26,"column":5}},"line":24},"3":{"name":"(anonymous_3)","decl":{"start":{"line":32,"column":4},"end":{"line":32,"column":5}},"loc":{"start":{"line":32,"column":14},"end":{"line":34,"column":5}},"line":32}},"branchMap":{},"s":{"0":1,"1":1,"2":3,"3":1,"4":2,"5":3,"6":1},"f":{"0":3,"1":1,"2":2,"3":3},"b":{},"inputSourceMap":{"version":3,"file":"/home/usuario/ull-esit-inf-dsi-20-21-prct06-generics-solid-alu0101254678/src/ejercicio-2/velocidad.ts","sources":["/home/usuario/ull-esit-inf-dsi-20-21-prct06-generics-solid-alu0101254678/src/ejercicio-2/velocidad.ts"],"names":[],"mappings":";;;AAAA;;;GAGG;AACH,MAAa,SAAS;IAGpB,YAAY,KAAa;QACvB,IAAI,CAAC,KAAK,GAAG,KAAK,CAAC;IACrB,CAAC;IACD;;;;OAIG;IACH,UAAU;QACR,OAAO,IAAI,CAAC;IACd,CAAC;IAED;;;OAGG;IACH,UAAU;QACR,OAAO,IAAI,CAAC,KAAK,CAAC;IACpB,CAAC;IAED;;;;OAIG;IACH,OAAO;QACL,OAAO,CAAC,IAAI,CAAC,KAAK,GAAG,MAAM,CAAC,CAAC;IAC/B,CAAC;CACF;AA/BD,8BA+BC","sourcesContent":["/**\n * Clase velocidad, solo tiene un\n * atributo, su valor\n */\nexport class Velocidad {\n  readonly valor: number;\n\n  constructor(valor: number) {\n    this.valor = valor;\n  }\n  /**\n   * Método con el que se obtiene\n   * el propio objeto\n   * @returns el propio objeto\n   */\n  get_object(): this {\n    return this;\n  }\n\n  /**\n   * Obtiene el valor de la velocidad\n   * @returns el valor\n   */\n  get_number(): number {\n    return this.valor;\n  }\n\n  /**\n   * Convierte de millas por hora a\n   * kilometros por hora\n   * @returns el valor * 1.6092\n   */\n  convert(): number {\n    return (this.valor * 1.6092);\n  }\n}\n\n"]},"_coverageSchema":"1a1c01bbd47fc00a2c39e90264f33305004495a9","hash":"d6c4db7ec8ae945489b169e086a2b9f1c19f4779","contentHash":"0356eb65762d9c0eeaed6a76f9c77781dcbe922956dc0e21a6872dc285b47fdb"},"/home/usuario/ull-esit-inf-dsi-20-21-prct06-generics-solid-alu0101254678/src/ejercicio-2/volumen.ts":{"path":"/home/usuario/ull-esit-inf-dsi-20-21-prct06-generics-solid-alu0101254678/src/ejercicio-2/volumen.ts","statementMap":{"0":{"start":{"line":2,"column":0},"end":{"line":2,"column":62}},"1":{"start":{"line":3,"column":0},"end":{"line":3,"column":25}},"2":{"start":{"line":10,"column":8},"end":{"line":10,"column":27}},"3":{"start":{"line":18,"column":8},"end":{"line":18,"column":20}},"4":{"start":{"line":25,"column":8},"end":{"line":25,"column":26}},"5":{"start":{"line":32,"column":8},"end":{"line":32,"column":35}},"6":{"start":{"line":35,"column":0},"end":{"line":35,"column":26}}},"fnMap":{"0":{"name":"(anonymous_0)","decl":{"start":{"line":9,"column":4},"end":{"line":9,"column":5}},"loc":{"start":{"line":9,"column":23},"end":{"line":11,"column":5}},"line":9},"1":{"name":"(anonymous_1)","decl":{"start":{"line":17,"column":4},"end":{"line":17,"column":5}},"loc":{"start":{"line":17,"column":17},"end":{"line":19,"column":5}},"line":17},"2":{"name":"(anonymous_2)","decl":{"start":{"line":24,"column":4},"end":{"line":24,"column":5}},"loc":{"start":{"line":24,"column":17},"end":{"line":26,"column":5}},"line":24},"3":{"name":"(anonymous_3)","decl":{"start":{"line":31,"column":4},"end":{"line":31,"column":5}},"loc":{"start":{"line":31,"column":14},"end":{"line":33,"column":5}},"line":31}},"branchMap":{},"s":{"0":1,"1":1,"2":3,"3":1,"4":2,"5":3,"6":1},"f":{"0":3,"1":1,"2":2,"3":3},"b":{},"inputSourceMap":{"version":3,"file":"/home/usuario/ull-esit-inf-dsi-20-21-prct06-generics-solid-alu0101254678/src/ejercicio-2/volumen.ts","sources":["/home/usuario/ull-esit-inf-dsi-20-21-prct06-generics-solid-alu0101254678/src/ejercicio-2/volumen.ts"],"names":[],"mappings":";;;AAAA;;;GAGG;AACH,MAAa,OAAO;IAGlB,YAAY,KAAa;QACvB,IAAI,CAAC,KAAK,GAAG,KAAK,CAAC;IACrB,CAAC;IAED;;;;OAIG;IACH,UAAU;QACR,OAAO,IAAI,CAAC;IACd,CAAC;IAED;;;OAGG;IACH,UAAU;QACR,OAAO,IAAI,CAAC,KAAK,CAAC;IACpB,CAAC;IAED;;;OAGG;IACH,OAAO;QACL,OAAO,CAAC,IAAI,CAAC,KAAK,GAAG,IAAI,CAAC,CAAC;IAC7B,CAAC;CACF;AA/BD,0BA+BC","sourcesContent":["/**\n * Clase volumen, solo tiene un\n * unico atributo, su valor\n */\nexport class Volumen {\n  readonly valor: number;\n\n  constructor(valor: number) {\n    this.valor = valor;\n  }\n\n  /**\n   * Método con el que se obtiene\n   * el objeto\n   * @returns el propio objeto\n   */\n  get_object(): this {\n    return this;\n  }\n\n  /**\n   * Obtiene el valor del volumen\n   * @returns El valor\n   */\n  get_number(): number {\n    return this.valor;\n  }\n\n  /**\n   * Convierte de litros a mililitros\n   * @returns el valor * 1000\n   */\n  convert(): number {\n    return (this.valor * 1000);\n  }\n}\n"]},"_coverageSchema":"1a1c01bbd47fc00a2c39e90264f33305004495a9","hash":"6402eba6447b6daf3acd08c37d427a16c38c21c1","contentHash":"6606745183839c17ba9977bba203b49565a821019e5942ac6ef6e32d34ff82de"},"/home/usuario/ull-esit-inf-dsi-20-21-prct06-generics-solid-alu0101254678/src/ejercicio-2/clase-generica.ts":{"path":"/home/usuario/ull-esit-inf-dsi-20-21-prct06-generics-solid-alu0101254678/src/ejercicio-2/clase-generica.ts","statementMap":{"0":{"start":{"line":2,"column":0},"end":{"line":2,"column":62}},"1":{"start":{"line":3,"column":0},"end":{"line":3,"column":26}},"2":{"start":{"line":7,"column":17},"end":{"line":7,"column":36}},"3":{"start":{"line":8,"column":19},"end":{"line":8,"column":40}},"4":{"start":{"line":9,"column":15},"end":{"line":9,"column":32}},"5":{"start":{"line":10,"column":22},"end":{"line":10,"column":46}},"6":{"start":{"line":11,"column":17},"end":{"line":11,"column":36}},"7":{"start":{"line":12,"column":20},"end":{"line":12,"column":42}},"8":{"start":{"line":13,"column":18},"end":{"line":13,"column":38}},"9":{"start":{"line":27,"column":8},"end":{"line":27,"column":29}},"10":{"start":{"line":34,"column":8},"end":{"line":34,"column":27}},"11":{"start":{"line":42,"column":8},"end":{"line":42,"column":40}},"12":{"start":{"line":51,"column":8},"end":{"line":51,"column":37}},"13":{"start":{"line":54,"column":0},"end":{"line":54,"column":28}},"14":{"start":{"line":55,"column":20},"end":{"line":55,"column":48}},"15":{"start":{"line":56,"column":19},"end":{"line":56,"column":45}},"16":{"start":{"line":57,"column":17},"end":{"line":57,"column":39}},"17":{"start":{"line":58,"column":22},"end":{"line":58,"column":54}},"18":{"start":{"line":59,"column":17},"end":{"line":59,"column":39}},"19":{"start":{"line":60,"column":18},"end":{"line":60,"column":42}},"20":{"start":{"line":61,"column":15},"end":{"line":61,"column":33}},"21":{"start":{"line":62,"column":19},"end":{"line":62,"column":44}},"22":{"start":{"line":63,"column":0},"end":{"line":63,"column":34}},"23":{"start":{"line":64,"column":19},"end":{"line":64,"column":43}},"24":{"start":{"line":65,"column":0},"end":{"line":65,"column":34}},"25":{"start":{"line":66,"column":19},"end":{"line":66,"column":41}},"26":{"start":{"line":67,"column":0},"end":{"line":67,"column":34}},"27":{"start":{"line":68,"column":19},"end":{"line":68,"column":46}},"28":{"start":{"line":69,"column":0},"end":{"line":69,"column":34}},"29":{"start":{"line":70,"column":19},"end":{"line":70,"column":41}},"30":{"start":{"line":71,"column":0},"end":{"line":71,"column":34}},"31":{"start":{"line":72,"column":19},"end":{"line":72,"column":42}},"32":{"start":{"line":73,"column":0},"end":{"line":73,"column":34}},"33":{"start":{"line":74,"column":19},"end":{"line":74,"column":39}},"34":{"start":{"line":75,"column":0},"end":{"line":75,"column":34}}},"fnMap":{"0":{"name":"(anonymous_0)","decl":{"start":{"line":26,"column":4},"end":{"line":26,"column":5}},"loc":{"start":{"line":26,"column":24},"end":{"line":28,"column":5}},"line":26},"1":{"name":"(anonymous_1)","decl":{"start":{"line":33,"column":4},"end":{"line":33,"column":5}},"loc":{"start":{"line":33,"column":17},"end":{"line":35,"column":5}},"line":33},"2":{"name":"(anonymous_2)","decl":{"start":{"line":41,"column":4},"end":{"line":41,"column":5}},"loc":{"start":{"line":41,"column":17},"end":{"line":43,"column":5}},"line":41},"3":{"name":"(anonymous_3)","decl":{"start":{"line":50,"column":4},"end":{"line":50,"column":5}},"loc":{"start":{"line":50,"column":14},"end":{"line":52,"column":5}},"line":50}},"branchMap":{},"s":{"0":1,"1":1,"2":1,"3":1,"4":1,"5":1,"6":1,"7":1,"8":1,"9":14,"10":7,"11":7,"12":14,"13":1,"14":1,"15":1,"16":1,"17":1,"18":1,"19":1,"20":1,"21":1,"22":1,"23":1,"24":1,"25":1,"26":1,"27":1,"28":1,"29":1,"30":1,"31":1,"32":1,"33":1,"34":1},"f":{"0":14,"1":7,"2":7,"3":14},"b":{},"inputSourceMap":{"version":3,"file":"/home/usuario/ull-esit-inf-dsi-20-21-prct06-generics-solid-alu0101254678/src/ejercicio-2/clase-generica.ts","sources":["/home/usuario/ull-esit-inf-dsi-20-21-prct06-generics-solid-alu0101254678/src/ejercicio-2/clase-generica.ts"],"names":[],"mappings":";;;AAAA;;GAEG;AACH,qCAAgC;AAEhC,yCAAoC;AACpC,iCAA4B;AAC5B,+CAA0C;AAC1C,qCAAgC;AAChC,2CAAsC;AACtC,uCAAkC;AAElC;;;;;GAKG;AACH,MAAa,QAAQ;IAGnB;;;;OAIG;IACH,YAAY,MAAS;QACnB,IAAI,CAAC,MAAM,GAAG,MAAM,CAAC;IACvB,CAAC;IAED;;;OAGG;IACH,UAAU;QACR,OAAO,IAAI,CAAC,MAAM,CAAC;IACrB,CAAC;IAED;;;;OAIG;IACH,UAAU;QACR,OAAO,IAAI,CAAC,MAAM,CAAC,UAAU,EAAE,CAAC;IAClC,CAAC;IAED;;;;;OAKG;IACH,OAAO;QACL,OAAO,IAAI,CAAC,MAAM,CAAC,OAAO,EAAE,CAAC;IAC/B,CAAC;CACF;AAtCD,4BAsCC;AAED,MAAM,WAAW,GAAc,IAAI,qBAAS,CAAC,CAAC,CAAC
[...]
nconst coleccion: Coleccion_Documentales = new Coleccion_Documentales([\n  new Documental('Documental de la 1', 1970),\n  new Documental('Documental de Doscovery Chanel', 1980),\n  new Documental('Documental del canal de historia', 2001),\n]);\n\nconsole.log(coleccion.obtenerNumeroObjetos());\ncoleccion.añadirObjeto(new Documental('Documental de Paramount Channel', 1980));\nconsole.log(coleccion.obtenerNumeroObjetos());\n\nconsole.log(coleccion.obtenerObjetosPorFecha(1980));\nconsole.log(coleccion.obtenerObjetosPorNombre('Documental de la 1'));\n"]},"_coverageSchema":"1a1c01bbd47fc00a2c39e90264f33305004495a9","hash":"55fdb9a94461cbfc34ec5f7bd023196e6b5e1716","contentHash":"76100a86e3ed92f20fdce5e84f439bc8fc4da9412c1620d142976bcc2afc91d9"},"/home/usuario/ull-esit-inf-dsi-20-21-prct06-generics-solid-alu0101254678/src/ejercicio-3/basicStreamableCollection.ts":{"path":"/home/usuario/ull-esit-inf-dsi-20-21-prct06-generics-solid-alu0101254678/src/ejercicio-3/basicStreamableCollection.ts","statementMap":{"0":{"start":{"line":2,"column":0},"end":{"line":2,"column":62}},"1":{"start":{"line":3,"column":0},"end":{"line":3,"column":43}},"2":{"start":{"line":11,"column":8},"end":{"line":11,"column":31}},"3":{"start":{"line":19,"column":8},"end":{"line":19,"column":40}},"4":{"start":{"line":27,"column":8},"end":{"line":27,"column":35}},"5":{"start":{"line":30,"column":0},"end":{"line":30,"column":62}}},"fnMap":{"0":{"name":"(anonymous_0)","decl":{"start":{"line":10,"column":4},"end":{"line":10,"column":5}},"loc":{"start":{"line":10,"column":25},"end":{"line":12,"column":5}},"line":10},"1":{"name":"(anonymous_1)","decl":{"start":{"line":18,"column":4},"end":{"line":18,"column":5}},"loc":{"start":{"line":18,"column":31},"end":{"line":20,"column":5}},"line":18},"2":{"name":"(anonymous_2)","decl":{"start":{"line":26,"column":4},"end":{"line":26,"column":5}},"loc":{"start":{"line":26,"column":27},"end":{"line":28,"column":5}},"line":26}},"branchMap":{},"s":{"0":1,"1":1,"2":6,"3":7,"4":13,"5":1},"f":{"0":6,"1":7,"2":13},"b":{},"inputSourceMap":{"version":3,"file":"/home/usuario/ull-esit-inf-dsi-20-21-prct06-generics-solid-alu0101254678/src/ejercicio-3/basicStreamableCollection.ts","sources":["/home/usuario/ull-esit-inf-dsi-20-21-prct06-generics-solid-alu0101254678/src/ejercicio-3/basicStreamableCollection.ts"],"names":[],"mappings":";;;AAOA;;;;GAIG;AACH,MAAsB,yBAAyB;IAC7C,YAAsB,OAAY;QAAZ,YAAO,GAAP,OAAO,CAAK;IAAG,CAAC;IAAA,CAAC;IAEvC;;;OAGG;IACH,YAAY,CAAC,YAAe;QAC1B,IAAI,CAAC,OAAO,CAAC,IAAI,CAAC,YAAY,CAAC,CAAC;IAClC,CAAC;IAED;;;;OAIG;IACH,oBAAoB;QAClB,OAAO,IAAI,CAAC,OAAO,CAAC,MAAM,CAAC;IAC7B,CAAC;CAaF;AA/BD,8DA+BC","sourcesContent":["/**\n * Importamos la interfaz SearchStreamable que\n * extiende a la primera, streamable, se encuentra\n * en el mismo directorio\n */\nimport {SearchStreamable} from './streamable';\n\n/**\n * Clase abstracta que implementa parte de las\n * funcionalidades de la interfaz, las subclases\n * implementarán las funciones de búsqueda\n */\nexport abstract class BasicStreamableCollection<T> implements SearchStreamable<T> {\n  constructor(protected objetos: T[]) {};\n\n  /**\n   * Método que inserta un nuevo objeto en el vector T\n   * @param nuevo_Objeto el objeto que se va a insertar\n   */\n  añadirObjeto(nuevo_Objeto: T) {\n    this.objetos.push(nuevo_Objeto);\n  }\n\n  /**\n   * Método que obtiene el número de elementos del\n   * vector T, que puede ser peliculas, series...\n   * @returns el tamaño del vector\n   */\n  obtenerNumeroObjetos() {\n    return this.objetos.length;\n  }\n\n  /**\n   * La implementa la subclase\n   * @param fecha Un valor numérico\n   */\n  abstract obtenerObjetosPorFecha(fecha: number): T[];\n\n  /**\n   * La implementa la subclase\n   * @param nombre Un valor de caracteres\n   */\n  abstract obtenerObjetosPorNombre(nombre: string): T[];\n}\n"]},"_coverageSchema":"1a1c01bbd47fc00a2c39e90264f33305004495a9","hash":"a6e874a61968de965b3e4e14867c8e7742e65b43","contentHash":"9c6f5d7ad5876497f45fe9ea0f0c08936d5ef437d28c891bf7e5be4ff1b449ea"},"/home/usuario/ull-esit-inf-dsi-20-21-prct06-generics-solid-alu0101254678/src/ejercicio-3/peliculas.ts":{"path":"/home/usuario/ull-esit-inf-dsi-20-21-prct06-generics-solid-alu0101254678/src/ejercicio-3/peliculas.ts","statementMap":{"0":{"start":{"line":2,"column":0},"end":{"line":2,"column":62}},"1":{"start":{"line":3,"column":0},"end":{"line":3,"column":26}},"2":{"start":{"line":10,"column":8},"end":{"line":10,"column":29}},"3":{"start":{"line":11,"column":8},"end":{"line":11,"column":27}},"4":{"start":{"line":18,"column":8},"end":{"line":18,"column":27}},"5":{"start":{"line":25,"column":8},"end":{"line":25,"column":26}},"6":{"start":{"line":28,"column":0},"end":{"line":28,"column":28}}},"fnMap":{"0":{"name":"(anonymous_0)","decl":{"start":{"line":9,"column":4},"end":{"line":9,"column":5}},"loc":{"start":{"line":9,"column":31},"end":{"line":12,"column":5}},"line":9},"1":{"name":"(anonymous_1)","decl":{"start":{"line":17,"column":4},"end":{"line":17,"column":5}},"loc":{"start":{"line":17,"column":17},"end":{"line":19,"column":5}},"line":17},"2":{"name":"(anonymous_2)","decl":{"start":{"line":24,"column":4},"end":{"line":24,"column":5}},"loc":{"start":{"line":24,"column":16},"end":{"line":26,"column":5}},"line":24}},"branchMap":{},"s":{"0":1,"1":1,"2":5,"3":5,"4":3,"5":5,"6":1},"f":{"0":5,"1":3,"2":5},"b":{},"inputSourceMap":{"version":3,"file":"/home/usuario/ull-esit-inf-dsi-20-21-prct06-generics-solid-alu0101254678/src/ejercicio-3/peliculas.ts","sources":["/home/usuario/ull-esit-inf-dsi-20-21-prct06-generics-solid-alu0101254678/src/ejercicio-3/peliculas.ts"],"names":[],"mappings":";;;AAAA;;;GAGG;AACH,MAAa,QAAQ;IAOnB,YAAY,MAAc,EAAE,KAAa;QACvC,IAAI,CAAC,MAAM,GAAG,MAAM,CAAC;QACrB,IAAI,CAAC,KAAK,GAAG,KAAK,CAAC;IACrB,CAAC;IAED;;;OAGG;IACH,UAAU;QACR,OAAO,IAAI,CAAC,MAAM,CAAC;IACrB,CAAC;IACD;;;OAGG;IACH,SAAS;QACP,OAAO,IAAI,CAAC,KAAK,CAAC;IACpB,CAAC;CACF;AA1BD,4BA0BC","sourcesContent":["/**\n * Clase que representa a una película, tiene\n * como atributos el nombre y la fecha\n */\nexport class Pelicula {\n  /**\n   * Los atributos los hacemos privados\n   */\n  private nombre: string;\n  private fecha: number;\n\n  constructor(nombre: string, fecha: number) {\n    this.nombre = nombre;\n    this.fecha = fecha;\n  }\n\n  /**\n   * Obtiene el atributo 'nombre'\n   * @returns el nombre, valor de caracteres\n   */\n  get_nombre(): string {\n    return this.nombre;\n  }\n  /**\n   * Obtiene el atributo 'fecha'\n   * @returns la fecha, valor numérico\n   */\n  get_fecha(): number {\n    return this.fecha;\n  }\n}\n"]},"_coverageSchema":"1a1c01bbd47fc00a2c39e90264f33305004495a9","hash":"5869f0b6f76ce92ec15fa8005212ea236d60d5e4","contentHash":"8536a31d094a233025ee133411249859f0f4451c7e6df9c4bd725909bf789e3a"},"/home/usuario/ull-esit-inf-dsi-20-21-prct06-generics-solid-alu0101254678/src/ejercicio-3/coleccion-peliculas.ts":{"path":"/home/usuario/ull-esit-inf-dsi-20-21-prct06-generics-solid-alu0101254678/src/ejercicio-3/coleccion-peliculas.ts","statementMap":{"0":{"start":{"line":2,"column":0},"end":{"line":2,"column":62}},"1":{"start":{"line":3,"column":0},"end":{"line":3,"column":37}},"2":{"start":{"line":7,"column":20},"end":{"line":7,"column":42}},"3":{"start":{"line":8,"column":36},"end":{"line":8,"column":74}},"4":{"start":{"line":16,"column":8},"end":{"line":16,"column":23}},"5":{"start":{"line":24,"column":8},"end":{"line":24,"column":77}},"6":{"start":{"line":24,"column":47},"end":{"line":24,"column":75}},"7":{"start":{"line":32,"column":8},"end":{"line":32,"column":79}},"8":{"start":{"line":32,"column":47},"end":{"line":32,"column":77}},"9":{"start":{"line":35,"column":0},"end":{"line":35,"column":50}},"10":{"start":{"line":36,"column":18},"end":{"line":38,"column":2}},"11":{"start":{"line":39,"column":0},"end":{"line":39,"column":46}},"12":{"start":{"line":40,"column":0},"end":{"line":40,"column":67}},"13":{"start":{"line":41,"column":0},"end":{"line":41,"column":46}},"14":{"start":{"line":42,"column":0},"end":{"line":42,"column":52}}},"fnMap":{"0":{"name":"(anonymous_0)","decl":{"start":{"line":15,"column":4},"end":{"line":15,"column":5}},"loc":{"start":{"line":15,"column":25},"end":{"line":17,"column":5}},"line":15},"1":{"name":"(anonymous_1)","decl":{"start":{"line":23,"column":4},"end":{"line":23,"column":5}},"loc":{"start":{"line":23,"column":34},"end":{"line":25,"column":5}},"line":23},"2":{"name":"(anonymous_2)","decl":{"start":{"line":24,"column":35},"end":{"line":24,"column":36}},"loc":{"start":{"line":24,"column":47},"end":{"line":24,"column":75}},"line":24},"3":{"name":"(anonymous_3)","decl":{"start":{"line":31,"column":4},"end":{"line":31,"column":5}},"loc":{"start":{"line":31,"column":36},"end":{"line":33,"column":5}},"line":31},"4":{"name":"(anonymous_4)","decl":{"start":{"line":32,"column":35},"end":{"line":32,"column":36}},"loc":{"start":{"line":32,"column":47},"end":{"line":32,"column":77}},"line":32}},"branchMap":{},"s":{"0":1,"1":1,"2":1,"3":1,"4":2,"5":2,"6":4,"7":1,"8":2,"9":1,"10":1,"11":1,"12":1,"13":1,"14":1},"f":{"0":2,"1":2,"2":4,"3":1,"4":2},"b":{},"inputSourceMap":{"version":3,"file":"/home/usuario/ull-esit-inf-dsi-20-21-prct06-generics-solid-alu0101254678/src/ejercicio-3/coleccion-peliculas.ts","sources":["/home/usuario/ull-esit-inf-dsi-20-21-prct06-generics-solid-alu0101254678/src/ejercicio-3/coleccion-peliculas.ts"],"names":[],"mappings":";;;AAAA;;GAEG;AACH,2CAAqC;AACrC,2EAAsE;AAEtE;;;;GAIG;AACH,MAAa,mBAAoB,SAAQ,qDAAmC;IAC1E,YAAY,OAAmB;QAC7B,KAAK,CAAC,OAAO,CAAC,CAAC;IACjB,CAAC;IACD;;;;OAIG;IACH,sBAAsB,CAAC,KAAa;QAClC,OAAO,IAAI,CAAC,OAAO,CAAC,MAAM,CAAC,CAAC,MAAgB,EAAE,EAAE,CAAC,MAAM,CAAC,SAAS,EAAE,KAAK,KAAK,CAAC,CAAC;IACjF,CAAC;IAED;;;;OAIG;IACH,uBAAuB,CAAC,MAAc;QACpC,OAAO,IAAI,CAAC,OAAO,CAAC,MAAM,CAAC,CAAC,MAAgB,EAAE,EAAE,CAAC,MAAM,CAAC,UAAU,EAAE,KAAK,MAAM,CAAC,CAAC;IACnF,CAAC;CACF;AArBD,kDAqBC;AAED,MAAM,SAAS,GAAwB,IAAI,mBAAmB,CAAC;IAC7D,IAAI,oBAAQ,CAAC,SAAS,EAAE,IAAI,CAAC;CAC9B,CAAC,CAAC;AAEH,OAAO,CAAC,GAAG,CAAC,SAAS,CAAC,oBAAoB,EAAE,CAAC,CAAC;AAC9C,SAAS,CAAC,YAAY,CAAC,IAAI,oBAAQ,CAAC,UAAU,EAAE,IAAI,CAAC,CAAC,CAAC;AACvD,OAAO,CAAC,GAAG,CAAC,SAAS,CAAC,oBAAoB,EAAE,CAAC,CAAC;AAE9C,OAAO,CAAC,GAAG,CAAC,SAAS,CAAC,sBAAsB,CAAC,IAAI,CAAC,CAAC,CAAC","sourcesContent":["/**\n * Importamos la clase películas y la interfaz\n */\nimport {Pelicula} from './peliculas';\nimport {BasicStreamableCollection} from './basicStreamableCollection';\n\n/**\n * Clase que representa a un conjunto de películas, extiene a la clase\n * genérica que tiene a los vectores de T\n *\n */\nexport class Coleccion_Peliculas extends BasicStreamableCollection<Pelicula> {\n  constructor(objetos: Pelicula[]) {\n    super(objetos);\n  }\n  /**\n   * Realiza una búsqueda sobre el vector, a través de un parámetro\n   * @param fecha Un valor numérico\n   * @returns Un vector de peliculas, o un vector vacío\n   */\n  obtenerObjetosPorFecha(fecha: number): Pelicula[] {\n    return this.objetos.filter((objeto: Pelicula) => objeto.get_fecha() === fecha);\n  }\n\n  /**\n   * Realiza una búsqueda sobre el vector, a través de un parámetro\n   * @param nombre Un valor de caracteres\n   * @returns Un vector de peliculas, o un vector vacío\n   */\n  obtenerObjetosPorNombre(nombre: string): Pelicula[] {\n    return this.objetos.filter((objeto: Pelicula) => objeto.get_nombre() === nombre);\n  }\n}\n\nconst coleccion: Coleccion_Peliculas = new Coleccion_Peliculas([\n  new Pelicula('Pokémon', 2007),\n]);\n\nconsole.log(coleccion.obtenerNumeroObjetos());\ncoleccion.añadirObjeto(new Pelicula('El zorro', 2000));\nconsole.log(coleccion.obtenerNumeroObjetos());\n\nconsole.log(coleccion.obtenerObjetosPorFecha(2000));\n"]},"_coverageSchema":"1a1c01bbd47fc00a2c39e90264f33305004495a9","hash":"7719279c91a04da5f2f61fdb6a40d7d4e6fbb69f","contentHash":"49d6fc34581d1376b723c5b9521597bb240b4e01f7d0c0da143217a7fe3905b7"},"/home/usuario/ull-esit-inf-dsi-20-21-prct06-generics-solid-alu0101254678/src/ejercicio-3/series.ts":{"path":"/home/usuario/ull-esit-inf-dsi-20-21-prct06-generics-solid-alu0101254678/src/ejercicio-3/series.ts","statementMap":{"0":{"start":{"line":2,"column":0},"end":{"line":2,"column":62}},"1":{"start":{"line":3,"column":0},"end":{"line":3,"column":23}},"2":{"start":{"line":17,"column":8},"end":{"line":17,"column":29}},"3":{"start":{"line":18,"column":8},"end":{"line":18,"column":27}},"4":{"start":{"line":25,"column":8},"end":{"line":25,"column":27}},"5":{"start":{"line":32,"column":8},"end":{"line":32,"column":26}},"6":{"start":{"line":35,"column":0},"end":{"line":35,"column":22}}},"fnMap":{"0":{"name":"(anonymous_0)","decl":{"start":{"line":16,"column":4},"end":{"line":16,"column":5}},"loc":{"start":{"line":16,"column":31},"end":{"line":19,"column":5}},"line":16},"1":{"name":"(anonymous_1)","decl":{"start":{"line":24,"column":4},"end":{"line":24,"column":5}},"loc":{"start":{"line":24,"column":17},"end":{"line":26,"column":5}},"line":24},"2":{"name":"(anonymous_2)","decl":{"start":{"line":31,"column":4},"end":{"line":31,"column":5}},"loc":{"start":{"line":31,"column":16},"end":{"line":33,"column":5}},"line":31}},"branchMap":{},"s":{"0":1,"1":1,"2":9,"3":9,"4":9,"5":9,"6":1},"f":{"0":9,"1":9,"2":9},"b":{},"inputSourceMap":{"version":3,"file":"/home/usuario/ull-esit-inf-dsi-20-21-prct06-generics-solid-alu0101254678/src/ejercicio-3/series.ts","sources":["/home/usuario/ull-esit-inf-dsi-20-21-prct06-generics-solid-alu0101254678/src/ejercicio-3/series.ts"],"names":[],"mappings":";;;AAAA;;;;GAIG;AACH,MAAa,KAAK;IAIhB;;;;;OAKG;IACH,YAAY,MAAc,EAAE,KAAa;QACvC,IAAI,CAAC,MAAM,GAAG,MAAM,CAAC;QACrB,IAAI,CAAC,KAAK,GAAG,KAAK,CAAC;IACrB,CAAC;IAED;;;OAGG;IACH,UAAU;QACR,OAAO,IAAI,CAAC,MAAM,CAAC;IACrB,CAAC;IAED;;;OAGG;IACH,SAAS;QACP,OAAO,IAAI,CAAC,KAAK,CAAC;IACpB,CAAC;CACF;AA9BD,sBA8BC","sourcesContent":["/**\n * Clase que representa a una serie,\n * tiene como atributos privados el nombre\n * y la fecha\n */\nexport class Serie {\n  private nombre: string;\n  private fecha: number;\n\n  /**\n   * El constructor inicializa los atributos\n   * del objeto\n   * @param nombre el nombre que se recibe\n   * @param fecha la fecha que se recibe\n   */\n  constructor(nombre: string, fecha: number) {\n    this.nombre = nombre;\n    this.fecha = fecha;\n  }\n\n  /**\n   * Obtiene el atributo nombre\n   * @returns el nombre\n   */\n  get_nombre(): string {\n    return this.nombre;\n  }\n\n  /**\n   * Obtiene el atributo fecha\n   * @returns la fecha\n   */\n  get_fecha(): number {\n    return this.fecha;\n  }\n}\n"]},"_coverageSchema":"1a1c01bbd47fc00a2c39e90264f33305004495a9","hash":"ae3976e0364f691e3e2dc5569162c18d3838f090","contentHash":"3b14a9920b2a8c3c80d8772cd5531f6161705582273be3b1fcd588970b7c5b97"},"/home/usuario/ull-esit-inf-dsi-20-21-prct06-generics-solid-alu0101254678/src/ejercicio-3/coleccion-series.ts":{"path":"/home/usuario/ull-esit-inf-dsi-20-21-prct06-generics-solid-alu0101254678/src/ejercicio-3/coleccion-series.ts","statementMap":{"0":{"start":{"line":2,"column":0},"end":{"line":2,"column":62}},"1":{"start":{"line":3,"column":0},"end":{"line":3,"column":34}},"2":{"start":{"line":7,"column":17},"end":{"line":7,"column":36}},"3":{"start":{"line":8,"column":36},"end":{"line":8,"column":74}},"4":{"start":{"line":15,"column":8},"end":{"line":15,"column":23}},"5":{"start":{"line":23,"column":8},"end":{"line":23,"column":77}},"6":{"start":{"line":23,"column":47},"end":{"line":23,"column":75}},"7":{"start":{"line":31,"column":8},"end":{"line":31,"column":79}},"8":{"start":{"line":31,"column":47},"end":{"line":31,"column":77}},"9":{"start":{"line":34,"column":0},"end":{"line":34,"column":44}},"10":{"start":{"line":35,"column":18},"end":{"line":38,"column":2}},"11":{"start":{"line":39,"column":0},"end":{"line":39,"column":46}},"12":{"start":{"line":40,"column":0},"end":{"line":40,"column":64}},"13":{"start":{"line":41,"column":0},"end":{"line":41,"column":78}},"14":{"start":{"line":42,"column":0},"end":{"line":42,"column":46}},"15":{"start":{"line":43,"column":0},"end":{"line":43,"column":52}}},"fnMap":{"0":{"name":"(anonymous_0)","decl":{"start":{"line":14,"column":4},"end":{"line":14,"column":5}},"loc":{"start":{"line":14,"column":25},"end":{"line":16,"column":5}},"line":14},"1":{"name":"(anonymous_1)","decl":{"start":{"line":22,"column":4},"end":{"line":22,"column":5}},"loc":{"start":{"line":22,"column":34},"end":{"line":24,"column":5}},"line":22},"2":{"name":"(anonymous_2)","decl":{"start":{"line":23,"column":35},"end":{"line":23,"column":36}},"loc":{"start":{"line":23,"column":47},"end":{"line":23,"column":75}},"line":23},"3":{"name":"(anonymous_3)","decl":{"start":{"line":30,"column":4},"end":{"line":30,"column":5}},"loc":{"start":{"line":30,"column":36},"end":{"line":32,"column":5}},"line":30},"4":{"name":"(anonymous_4)","decl":{"start":{"line":31,"column":35},"end":{"line":31,"column":36}},"loc":{"start":{"line":31,"column":47},"end":{"line":31,"column":77}},"line":31}},"branchMap":{},"s":{"0":1,"1":1,"2":1,"3":1,"4":2,"5":2,"6":8,"7":2,"8":8,"9":1,"10":1,"11":1,"12":1,"13":1,"14":1,"15":1},"f":{"0":2,"1":2,"2":8,"3":2,"4":8},"b":{},"inputSourceMap":{"version":3,"file":"/home/usuario/ull-esit-inf-dsi-20-21-prct06-generics-solid-alu0101254678/src/ejercicio-3/coleccion-series.ts","sources":["/home/usuario/ull-esit-inf-dsi-20-21-prct06-generics-solid-alu0101254678/src/ejercicio-3/coleccion-series.ts"],"names":[],"mappings":";;;AAAA;;GAEG;AACH,qCAA+B;AAC/B,2EAAsE;AAEtE;;;GAGG;AACH,MAAa,gBAAiB,SAAQ,qDAAgC;IACpE,YAAY,OAAgB;QAC1B,KAAK,CAAC,OAAO,CAAC,CAAC;IACjB,CAAC;IACD;;;;OAIG;IACH,sBAAsB,CAAC,KAAa;QAClC,OAAO,IAAI,CAAC,OAAO,CAAC,MAAM,CAAC,CAAC,MAAa,EAAE,EAAE,CAAC,MAAM,CAAC,SAAS,EAAE,KAAK,KAAK,CAAC,CAAC;IAC9E,CAAC;IAED;;;;OAIG;IACH,uBAAuB,CAAC,MAAc;QACpC,OAAO,IAAI,CAAC,OAAO,CAAC,MAAM,CAAC,CAAC,MAAa,EAAE,EAAE,CAAC,MAAM,CAAC,UAAU,EAAE,KAAK,MAAM,CAAC,CAAC;IAChF,CAAC;CACF;AArBD,4CAqBC;AAED,MAAM,SAAS,GAAqB,IAAI,gBAAgB,CAAC;IACvD,IAAI,cAAK,CAAC,cAAc,EAAE,IAAI,CAAC;IAC/B,IAAI,cAAK,CAAC,kBAAkB,EAAE,IAAI,CAAC;CACpC,CAAC,CAAC;AAEH,OAAO,CAAC,GAAG,CAAC,SAAS,CAAC,oBAAoB,EAAE,CAAC,CAAC;AAC9C,SAAS,CAAC,YAAY,CAAC,IAAI,cAAK,CAAC,aAAa,EAAE,IAAI,CAAC,CAAC,CAAC;AACvD,SAAS,CAAC,YAAY,CAAC,IAAI,cAAK,CAAC,2BAA2B,EAAE,IAAI,CAAC,CAAC,CAAC;AACrE,OAAO,CAAC,GAAG,CAAC,SAAS,CAAC,oBAAoB,EAAE,CAAC,CAAC;AAE9C,OAAO,CAAC,GAAG,CAAC,SAAS,CAAC,sBAAsB,CAAC,IAAI,CAAC,CAAC,CAAC","sourcesContent":["/**\n * Importamos la clase serie y la interfaz\n */\nimport {Serie} from './series';\nimport {BasicStreamableCollection} from './basicStreamableCollection';\n\n/**\n * Clase que representa a un conjunto de series, extiene a la clase\n * genérica que tiene a los vectores de T\n */\nexport class Coleccion_Series extends BasicStreamableCollection<Serie> {\n  constructor(objetos: Serie[]) {\n    super(objetos);\n  }\n  /**\n   * Realiza una búsqueda sobre el vector, a través de un parámetro\n   * @param fecha Un valor numérico\n   * @returns Un vector de series, o un vector vacío\n   */\n  obtenerObjetosPorFecha(fecha: number): Serie[] {\n    return this.objetos.filter((objeto: Serie) => objeto.get_fecha() === fecha);\n  }\n\n  /**\n   * Realiza una búsqueda sobre el vector, a través de un parámetro\n   * @param nombre Un valor de caracteres\n   * @returns Un vector de seires, o un vector vacío\n   */\n  obtenerObjetosPorNombre(nombre: string): Serie[] {\n    return this.objetos.filter((objeto: Serie) => objeto.get_nombre() === nombre);\n  }\n}\n\nconst coleccion: Coleccion_Series = new Coleccion_Series([\n  new Serie('Los Simpsons', 1990),\n  new Serie('La casa de papel', 2020),\n]);\n\nconsole.log(coleccion.obtenerNumeroObjetos());\ncoleccion.añadirObjeto(new Serie('Bob Esponja', 2005));\ncoleccion.añadirObjeto(new Serie('Agallas, el Perro Cobarde', 2005));\nconsole.log(coleccion.obtenerNumeroObjetos());\n\nconsole.log(coleccion.obtenerObjetosPorFecha(2005));\n"]},"_coverageSchema":"1a1c01bbd47fc00a2c39e90264f33305004495a9","hash":"8297d7631434216072530eef21ab081625ab6be8","contentHash":"fc7405fe352d286ac60abb10606248cce752e16d8c82d25abd1acf3f9613358d"}}